#
# There is insufficient memory for the Java Runtime Environment to continue.
# Native memory allocation (malloc) failed to allocate 392496 bytes for Chunk::new
# Possible reasons:
#   The system is out of physical RAM or swap space
#   The process is running with CompressedOops enabled, and the Java Heap may be blocking the growth of the native heap
# Possible solutions:
#   Reduce memory load on the system
#   Increase physical memory or swap space
#   Check if swap backing store is full
#   Decrease Java heap size (-Xmx/-Xms)
#   Decrease number of Java threads
#   Decrease Java thread stack sizes (-Xss)
#   Set larger code cache with -XX:ReservedCodeCacheSize=
#   JVM is running with Unscaled Compressed Oops mode in which the Java heap is
#     placed in the first 4GB address space. The Java Heap base address is the
#     maximum limit for the native heap growth. Please use -XX:HeapBaseMinAddress
#     to set the Java Heap base and to place the Java Heap above 4GB virtual address.
# This output file may be truncated or incomplete.
#
#  Out of Memory Error (arena.cpp:168), pid=8160, tid=31904
#
# JRE version: Java(TM) SE Runtime Environment (21.0.7+8) (build 21.0.7+8-LTS-245)
# Java VM: Java HotSpot(TM) 64-Bit Server VM (21.0.7+8-LTS-245, mixed mode, sharing, tiered, compressed oops, compressed class ptrs, g1 gc, windows-amd64)
# No core dump will be written. Minidumps are not enabled by default on client versions of Windows
#

---------------  S U M M A R Y ------------

Command Line: -Djava.awt.headless=true -Djava.library.path=C:\Program Files\Java\jdk-21\bin;C:\WINDOWS\Sun\Java\bin;C:\WINDOWS\system32;C:\WINDOWS;c:\\Users\\30280\\.trae-cn\\sdks\\workspaces\\d1d2e236\\versions\\node\\current;c:\\Users\\30280\\.trae-cn\\sdks\\versions\\node\\current;c:\Users\30280\.trae-cn\sdks\workspaces\d1d2e236\versions\node\current;c:\Users\30280\.trae-cn\sdks\versions\node\current;C:\Program Files\Common Files\Oracle\Java\javapath;C:\Program Files (x86)\Common Files\Oracle\Java\javapath;C:\Program Files\Microsoft\jdk-17.0.8.7-hotspot\bin;C:\Windows\system32;C:\Windows;C:\Windows\System32\Wbem;C:\Windows\System32\WindowsPowerShell\v1.0\;C:\Windows\System32\OpenSSH\;C:\Program Files (x86)\NVIDIA Corporation\PhysX\Common;C:\Program Files\dotnet\;D:\MySQL\MySQL Server 8.0\bin;C:\Program Files\Git\cmd;C:\Program Files (x86)\Microsoft SQL Server\100\Tools\Binn\;C:\Program Files\Microsoft SQL Server\100\Tools\Binn\;C:\Program Files\Microsoft SQL Server\100\DTS\Binn\;C:\Program Files (x86)\Microsoft SQL Server\100\Tools\Binn\VSShell\Common7\IDE\;C:\Program Files (x86)\Microsoft Visual Studio 9.0\Common7\IDE\PrivateAssemblies\;C:\Program Files (x86)\Microsoft SQL Server\100\DTS\Binn\;C:\Program Files\Bandizip\;D:\Downloads\Redis-x64-3.0.504;C:\Program Files\Java\jdk-21\bin;C:\Program Files\JetBrains\IntelliJ IDEA 2019.3.1\apache-tomcat-9.0.104\bin;E:\;C:\Program Files\JetBrains\IntelliJ IDEA 2025.1.1.1\bin;E:\program file\MATLAB\R2016a\runtime\win64;E:\program file\MATLAB\R2016a\bin;E:\program file\MATLAB\R2016a\polyspace\bin;C:\WINDOWS\system32;C:\WINDOWS;C:\WINDOWS\System32\Wbem;C:\WINDOWS\System32\WindowsPowerShell\v1.0\;C:\WINDOWS\System32\OpenSSH\;C:\Program Files\NVIDIA Corporation\NVIDIA App\NvDLISR;E:\Download\mingw-w64-gcc-13.4-stable-r42\bin;e:\Enterprise Architect\Trae CN\bin;E:\MySQL\MySQL Shell 8.0\bin\;C:\Users\30280\AppData\Local\Programs\Python\Python313\Scripts\;C:\Users\30280\AppData\Local\Programs\Python\Python313\;C:\Users\30280\AppData\Local\Programs\Python\Launcher\;C-Dorg.gradle.internal.worker.tmpdir=C:\Users\30280\AndroidStudioProjects\Android_2\app\build\tmp\testReleaseUnitTest\work --add-opens=java.base/java.io=ALL-UNNAMED -Xmx512m -Dfile.encoding=UTF-8 -Duser.country=CN -Duser.language=zh -Duser.variant -ea worker.org.gradle.process.internal.worker.GradleWorkerMain 'Gradle Test Executor 4'

Host: AMD Ryzen 7 6800H with Radeon Graphics         , 16 cores, 15G,  Windows 11 , 64 bit Build 26100 (10.0.26100.3912)
Time: Sat Dec 27 13:12:20 2025  Windows 11 , 64 bit Build 26100 (10.0.26100.3912) elapsed time: 0.621449 seconds (0d 0h 0m 0s)

---------------  T H R E A D  ---------------

Current thread (0x000001633e256d00):  JavaThread "C2 CompilerThread1" daemon [_thread_in_native, id=31904, stack(0x0000005ef4f00000,0x0000005ef5000000) (1024K)]


Current CompileTask:
C2:    621 1298  s!   4       jdk.internal.loader.URLClassPath::getLoader (194 bytes)

Stack: [0x0000005ef4f00000,0x0000005ef5000000]
Native frames: (J=compiled Java code, j=interpreted, Vv=VM code, C=native code)
V  [jvm.dll+0x6cae19]
V  [jvm.dll+0x855741]
V  [jvm.dll+0x857c6e]
V  [jvm.dll+0x858343]
V  [jvm.dll+0x27e0b6]
V  [jvm.dll+0xc4ecd]
V  [jvm.dll+0xc5403]
V  [jvm.dll+0x3b578c]
V  [jvm.dll+0x381e25]
V  [jvm.dll+0x38129a]
V  [jvm.dll+0x246b30]
V  [jvm.dll+0x24610f]
V  [jvm.dll+0x1c6efe]
V  [jvm.dll+0x255819]
V  [jvm.dll+0x253daa]
V  [jvm.dll+0x3eebb6]
V  [jvm.dll+0x7ffa1b]
V  [jvm.dll+0x6c94fd]
C  [ucrtbase.dll+0x37b0]
C  [KERNEL32.DLL+0x2e8d7]
C  [ntdll.dll+0x9c5dc]


---------------  P R O C E S S  ---------------

Threads class SMR info:
_java_thread_list=0x000001633ea354d0, length=19, elements={
0x0000016320641f10, 0x000001633e037e70, 0x000001633e0388c0, 0x000001633e03bab0,
0x000001633e03c760, 0x000001633e03e730, 0x000001633e04a3d0, 0x000001633e04f1c0,
0x000001633e04fc50, 0x000001633e11adf0, 0x000001633e214a80, 0x000001633e0475e0,
0x000001633e0496b0, 0x000001633e256d00, 0x000001633e2573a0, 0x000001633e39e940,
0x000001633e048990, 0x000001633e049d40, 0x000001633e04aa60
}

Java Threads: ( => current thread )
  0x0000016320641f10 JavaThread "Test worker"                       [_thread_in_vm, id=19828, stack(0x0000005ef3b00000,0x0000005ef3c00000) (1024K)]
  0x000001633e037e70 JavaThread "Reference Handler"          daemon [_thread_blocked, id=21232, stack(0x0000005ef4300000,0x0000005ef4400000) (1024K)]
  0x000001633e0388c0 JavaThread "Finalizer"                  daemon [_thread_blocked, id=15048, stack(0x0000005ef4400000,0x0000005ef4500000) (1024K)]
  0x000001633e03bab0 JavaThread "Signal Dispatcher"          daemon [_thread_blocked, id=26212, stack(0x0000005ef4500000,0x0000005ef4600000) (1024K)]
  0x000001633e03c760 JavaThread "Attach Listener"            daemon [_thread_blocked, id=35856, stack(0x0000005ef4600000,0x0000005ef4700000) (1024K)]
  0x000001633e03e730 JavaThread "Service Thread"             daemon [_thread_blocked, id=33380, stack(0x0000005ef4700000,0x0000005ef4800000) (1024K)]
  0x000001633e04a3d0 JavaThread "Monitor Deflation Thread"   daemon [_thread_blocked, id=36724, stack(0x0000005ef4800000,0x0000005ef4900000) (1024K)]
  0x000001633e04f1c0 JavaThread "C2 CompilerThread0"         daemon [_thread_blocked, id=28036, stack(0x0000005ef4900000,0x0000005ef4a00000) (1024K)]
  0x000001633e04fc50 JavaThread "C1 CompilerThread0"         daemon [_thread_blocked, id=6428, stack(0x0000005ef4a00000,0x0000005ef4b00000) (1024K)]
  0x000001633e11adf0 JavaThread "C1 CompilerThread1"         daemon [_thread_blocked, id=35996, stack(0x0000005ef4b00000,0x0000005ef4c00000) (1024K)]
  0x000001633e214a80 JavaThread "C1 CompilerThread2"         daemon [_thread_blocked, id=8164, stack(0x0000005ef4c00000,0x0000005ef4d00000) (1024K)]
  0x000001633e0475e0 JavaThread "Common-Cleaner"             daemon [_thread_blocked, id=16628, stack(0x0000005ef4d00000,0x0000005ef4e00000) (1024K)]
  0x000001633e0496b0 JavaThread "Notification Thread"        daemon [_thread_blocked, id=33660, stack(0x0000005ef4e00000,0x0000005ef4f00000) (1024K)]
=>0x000001633e256d00 JavaThread "C2 CompilerThread1"         daemon [_thread_in_native, id=31904, stack(0x0000005ef4f00000,0x0000005ef5000000) (1024K)]
  0x000001633e2573a0 JavaThread "C2 CompilerThread2"         daemon [_thread_blocked, id=14840, stack(0x0000005ef5000000,0x0000005ef5100000) (1024K)]
  0x000001633e39e940 JavaThread "C1 CompilerThread3"         daemon [_thread_blocked, id=31652, stack(0x0000005ef5100000,0x0000005ef5200000) (1024K)]
  0x000001633e048990 JavaThread "/127.0.0.1:59587 to /127.0.0.1:59585 workers"        [_thread_in_Java, id=3980, stack(0x0000005ef5300000,0x0000005ef5400000) (1024K)]
  0x000001633e049d40 Thread "Unknown thread"                        [id=32948, stack(0x0000005ef5400000,0x0000005ef5500000) (1024K)]
  0x000001633e04aa60 Thread "Unknown thread"                        [id=30828, stack(0x0000005ef5500000,0x0000005ef5600000) (1024K)]
Total: 19

Other Threads:
  0x000001633e01a250 VMThread "VM Thread"                           [id=20120, stack(0x0000005ef4200000,0x0000005ef4300000) (1024K)]
  0x000001633e006970 WatcherThread "VM Periodic Task Thread"        [id=37468, stack(0x0000005ef4100000,0x0000005ef4200000) (1024K)]
  0x0000016322958170 WorkerThread "GC Thread#0"                     [id=16392, stack(0x0000005ef3c00000,0x0000005ef3d00000) (1024K)]
  0x000001632295d150 ConcurrentGCThread "G1 Main Marker"            [id=30460, stack(0x0000005ef3d00000,0x0000005ef3e00000) (1024K)]
  0x000001632295ead0 WorkerThread "G1 Conc#0"                       [id=31928, stack(0x0000005ef3e00000,0x0000005ef3f00000) (1024K)]
  0x000001633ded6240 ConcurrentGCThread "G1 Refine#0"               [id=18300, stack(0x0000005ef3f00000,0x0000005ef4000000) (1024K)]
  0x000001633ded7a70 ConcurrentGCThread "G1 Service"                [id=35372, stack(0x0000005ef4000000,0x0000005ef4100000) (1024K)]
Total: 7

Threads with active compile tasks:
C2 CompilerThread1      666 1298  s!   4       jdk.internal.loader.URLClassPath::getLoader (194 bytes)
Total: 1

VM state: not at safepoint (normal execution)

VM Mutex/Monitor currently owned by a thread: None

Heap address: 0x00000000e0000000, size: 512 MB, Compressed Oops mode: 32-bit

CDS archive(s) mapped at: [0x000001633f000000-0x000001633fc90000-0x000001633fc90000), size 13172736, SharedBaseAddress: 0x000001633f000000, ArchiveRelocationMode: 1.
Compressed class space mapped at: 0x0000016340000000-0x0000016380000000, reserved size: 1073741824
Narrow klass base: 0x000001633f000000, Narrow klass shift: 0, Narrow klass range: 0x100000000

GC Precious Log:
 CardTable entry size: 512
 Card Set container configuration: InlinePtr #cards 5 size 8 Array Of Cards #cards 12 size 40 Howl #buckets 4 coarsen threshold 1843 Howl Bitmap #cards 512 size 80 coarsen threshold 460 Card regions per heap region 1 cards per card region 2048
 CPUs: 16 total, 16 available
 Memory: 15613M
 Large Page Support: Disabled
 NUMA Support: Disabled
 Compressed Oops: Enabled (32-bit)
 Heap Region Size: 1M
 Heap Min Capacity: 8M
 Heap Initial Capacity: 244M
 Heap Max Capacity: 512M
 Pre-touch: Disabled
 Parallel Workers: 13
 Concurrent Workers: 3
 Concurrent Refinement Workers: 13
 Periodic GC: Disabled

Heap:
 garbage-first heap   total 249856K, used 21504K [0x00000000e0000000, 0x0000000100000000)
  region size 1024K, 23 young (23552K), 0 survivors (0K)
 Metaspace       used 6226K, committed 6464K, reserved 1114112K
  class space    used 781K, committed 896K, reserved 1048576K

Heap Regions: E=young(eden), S=young(survivor), O=old, HS=humongous(starts), HC=humongous(continues), CS=collection set, F=free, TAMS=top-at-mark-start, PB=parsable bottom
|   0|0x00000000e0000000, 0x00000000e0000000, 0x00000000e0100000|  0%| F|  |TAMS 0x00000000e0000000| PB 0x00000000e0000000| Untracked 
|   1|0x00000000e0100000, 0x00000000e0100000, 0x00000000e0200000|  0%| F|  |TAMS 0x00000000e0100000| PB 0x00000000e0100000| Untracked 
|   2|0x00000000e0200000, 0x00000000e0200000, 0x00000000e0300000|  0%| F|  |TAMS 0x00000000e0200000| PB 0x00000000e0200000| Untracked 
|   3|0x00000000e0300000, 0x00000000e0300000, 0x00000000e0400000|  0%| F|  |TAMS 0x00000000e0300000| PB 0x00000000e0300000| Untracked 
|   4|0x00000000e0400000, 0x00000000e0400000, 0x00000000e0500000|  0%| F|  |TAMS 0x00000000e0400000| PB 0x00000000e0400000| Untracked 
|   5|0x00000000e0500000, 0x00000000e0500000, 0x00000000e0600000|  0%| F|  |TAMS 0x00000000e0500000| PB 0x00000000e0500000| Untracked 
|   6|0x00000000e0600000, 0x00000000e0600000, 0x00000000e0700000|  0%| F|  |TAMS 0x00000000e0600000| PB 0x00000000e0600000| Untracked 
|   7|0x00000000e0700000, 0x00000000e0700000, 0x00000000e0800000|  0%| F|  |TAMS 0x00000000e0700000| PB 0x00000000e0700000| Untracked 
|   8|0x00000000e0800000, 0x00000000e0800000, 0x00000000e0900000|  0%| F|  |TAMS 0x00000000e0800000| PB 0x00000000e0800000| Untracked 
|   9|0x00000000e0900000, 0x00000000e0900000, 0x00000000e0a00000|  0%| F|  |TAMS 0x00000000e0900000| PB 0x00000000e0900000| Untracked 
|  10|0x00000000e0a00000, 0x00000000e0a00000, 0x00000000e0b00000|  0%| F|  |TAMS 0x00000000e0a00000| PB 0x00000000e0a00000| Untracked 
|  11|0x00000000e0b00000, 0x00000000e0b00000, 0x00000000e0c00000|  0%| F|  |TAMS 0x00000000e0b00000| PB 0x00000000e0b00000| Untracked 
|  12|0x00000000e0c00000, 0x00000000e0c00000, 0x00000000e0d00000|  0%| F|  |TAMS 0x00000000e0c00000| PB 0x00000000e0c00000| Untracked 
|  13|0x00000000e0d00000, 0x00000000e0d00000, 0x00000000e0e00000|  0%| F|  |TAMS 0x00000000e0d00000| PB 0x00000000e0d00000| Untracked 
|  14|0x00000000e0e00000, 0x00000000e0e00000, 0x00000000e0f00000|  0%| F|  |TAMS 0x00000000e0e00000| PB 0x00000000e0e00000| Untracked 
|  15|0x00000000e0f00000, 0x00000000e0f00000, 0x00000000e1000000|  0%| F|  |TAMS 0x00000000e0f00000| PB 0x00000000e0f00000| Untracked 
|  16|0x00000000e1000000, 0x00000000e1000000, 0x00000000e1100000|  0%| F|  |TAMS 0x00000000e1000000| PB 0x00000000e1000000| Untracked 
|  17|0x00000000e1100000, 0x00000000e1100000, 0x00000000e1200000|  0%| F|  |TAMS 0x00000000e1100000| PB 0x00000000e1100000| Untracked 
|  18|0x00000000e1200000, 0x00000000e1200000, 0x00000000e1300000|  0%| F|  |TAMS 0x00000000e1200000| PB 0x00000000e1200000| Untracked 
|  19|0x00000000e1300000, 0x00000000e1300000, 0x00000000e1400000|  0%| F|  |TAMS 0x00000000e1300000| PB 0x00000000e1300000| Untracked 
|  20|0x00000000e1400000, 0x00000000e1400000, 0x00000000e1500000|  0%| F|  |TAMS 0x00000000e1400000| PB 0x00000000e1400000| Untracked 
|  21|0x00000000e1500000, 0x00000000e1500000, 0x00000000e1600000|  0%| F|  |TAMS 0x00000000e1500000| PB 0x00000000e1500000| Untracked 
|  22|0x00000000e1600000, 0x00000000e1600000, 0x00000000e1700000|  0%| F|  |TAMS 0x00000000e1600000| PB 0x00000000e1600000| Untracked 
|  23|0x00000000e1700000, 0x00000000e1700000, 0x00000000e1800000|  0%| F|  |TAMS 0x00000000e1700000| PB 0x00000000e1700000| Untracked 
|  24|0x00000000e1800000, 0x00000000e1800000, 0x00000000e1900000|  0%| F|  |TAMS 0x00000000e1800000| PB 0x00000000e1800000| Untracked 
|  25|0x00000000e1900000, 0x00000000e1900000, 0x00000000e1a00000|  0%| F|  |TAMS 0x00000000e1900000| PB 0x00000000e1900000| Untracked 
|  26|0x00000000e1a00000, 0x00000000e1a00000, 0x00000000e1b00000|  0%| F|  |TAMS 0x00000000e1a00000| PB 0x00000000e1a00000| Untracked 
|  27|0x00000000e1b00000, 0x00000000e1b00000, 0x00000000e1c00000|  0%| F|  |TAMS 0x00000000e1b00000| PB 0x00000000e1b00000| Untracked 
|  28|0x00000000e1c00000, 0x00000000e1c00000, 0x00000000e1d00000|  0%| F|  |TAMS 0x00000000e1c00000| PB 0x00000000e1c00000| Untracked 
|  29|0x00000000e1d00000, 0x00000000e1d00000, 0x00000000e1e00000|  0%| F|  |TAMS 0x00000000e1d00000| PB 0x00000000e1d00000| Untracked 
|  30|0x00000000e1e00000, 0x00000000e1e00000, 0x00000000e1f00000|  0%| F|  |TAMS 0x00000000e1e00000| PB 0x00000000e1e00000| Untracked 
|  31|0x00000000e1f00000, 0x00000000e1f00000, 0x00000000e2000000|  0%| F|  |TAMS 0x00000000e1f00000| PB 0x00000000e1f00000| Untracked 
|  32|0x00000000e2000000, 0x00000000e2000000, 0x00000000e2100000|  0%| F|  |TAMS 0x00000000e2000000| PB 0x00000000e2000000| Untracked 
|  33|0x00000000e2100000, 0x00000000e2100000, 0x00000000e2200000|  0%| F|  |TAMS 0x00000000e2100000| PB 0x00000000e2100000| Untracked 
|  34|0x00000000e2200000, 0x00000000e2200000, 0x00000000e2300000|  0%| F|  |TAMS 0x00000000e2200000| PB 0x00000000e2200000| Untracked 
|  35|0x00000000e2300000, 0x00000000e2300000, 0x00000000e2400000|  0%| F|  |TAMS 0x00000000e2300000| PB 0x00000000e2300000| Untracked 
|  36|0x00000000e2400000, 0x00000000e2400000, 0x00000000e2500000|  0%| F|  |TAMS 0x00000000e2400000| PB 0x00000000e2400000| Untracked 
|  37|0x00000000e2500000, 0x00000000e2500000, 0x00000000e2600000|  0%| F|  |TAMS 0x00000000e2500000| PB 0x00000000e2500000| Untracked 
|  38|0x00000000e2600000, 0x00000000e2600000, 0x00000000e2700000|  0%| F|  |TAMS 0x00000000e2600000| PB 0x00000000e2600000| Untracked 
|  39|0x00000000e2700000, 0x00000000e2700000, 0x00000000e2800000|  0%| F|  |TAMS 0x00000000e2700000| PB 0x00000000e2700000| Untracked 
|  40|0x00000000e2800000, 0x00000000e2800000, 0x00000000e2900000|  0%| F|  |TAMS 0x00000000e2800000| PB 0x00000000e2800000| Untracked 
|  41|0x00000000e2900000, 0x00000000e2900000, 0x00000000e2a00000|  0%| F|  |TAMS 0x00000000e2900000| PB 0x00000000e2900000| Untracked 
|  42|0x00000000e2a00000, 0x00000000e2a00000, 0x00000000e2b00000|  0%| F|  |TAMS 0x00000000e2a00000| PB 0x00000000e2a00000| Untracked 
|  43|0x00000000e2b00000, 0x00000000e2b00000, 0x00000000e2c00000|  0%| F|  |TAMS 0x00000000e2b00000| PB 0x00000000e2b00000| Untracked 
|  44|0x00000000e2c00000, 0x00000000e2c00000, 0x00000000e2d00000|  0%| F|  |TAMS 0x00000000e2c00000| PB 0x00000000e2c00000| Untracked 
|  45|0x00000000e2d00000, 0x00000000e2d00000, 0x00000000e2e00000|  0%| F|  |TAMS 0x00000000e2d00000| PB 0x00000000e2d00000| Untracked 
|  46|0x00000000e2e00000, 0x00000000e2e00000, 0x00000000e2f00000|  0%| F|  |TAMS 0x00000000e2e00000| PB 0x00000000e2e00000| Untracked 
|  47|0x00000000e2f00000, 0x00000000e2f00000, 0x00000000e3000000|  0%| F|  |TAMS 0x00000000e2f00000| PB 0x00000000e2f00000| Untracked 
|  48|0x00000000e3000000, 0x00000000e3000000, 0x00000000e3100000|  0%| F|  |TAMS 0x00000000e3000000| PB 0x00000000e3000000| Untracked 
|  49|0x00000000e3100000, 0x00000000e3100000, 0x00000000e3200000|  0%| F|  |TAMS 0x00000000e3100000| PB 0x00000000e3100000| Untracked 
|  50|0x00000000e3200000, 0x00000000e3200000, 0x00000000e3300000|  0%| F|  |TAMS 0x00000000e3200000| PB 0x00000000e3200000| Untracked 
|  51|0x00000000e3300000, 0x00000000e3300000, 0x00000000e3400000|  0%| F|  |TAMS 0x00000000e3300000| PB 0x00000000e3300000| Untracked 
|  52|0x00000000e3400000, 0x00000000e3400000, 0x00000000e3500000|  0%| F|  |TAMS 0x00000000e3400000| PB 0x00000000e3400000| Untracked 
|  53|0x00000000e3500000, 0x00000000e3500000, 0x00000000e3600000|  0%| F|  |TAMS 0x00000000e3500000| PB 0x00000000e3500000| Untracked 
|  54|0x00000000e3600000, 0x00000000e3600000, 0x00000000e3700000|  0%| F|  |TAMS 0x00000000e3600000| PB 0x00000000e3600000| Untracked 
|  55|0x00000000e3700000, 0x00000000e3700000, 0x00000000e3800000|  0%| F|  |TAMS 0x00000000e3700000| PB 0x00000000e3700000| Untracked 
|  56|0x00000000e3800000, 0x00000000e3800000, 0x00000000e3900000|  0%| F|  |TAMS 0x00000000e3800000| PB 0x00000000e3800000| Untracked 
|  57|0x00000000e3900000, 0x00000000e3900000, 0x00000000e3a00000|  0%| F|  |TAMS 0x00000000e3900000| PB 0x00000000e3900000| Untracked 
|  58|0x00000000e3a00000, 0x00000000e3a00000, 0x00000000e3b00000|  0%| F|  |TAMS 0x00000000e3a00000| PB 0x00000000e3a00000| Untracked 
|  59|0x00000000e3b00000, 0x00000000e3b00000, 0x00000000e3c00000|  0%| F|  |TAMS 0x00000000e3b00000| PB 0x00000000e3b00000| Untracked 
|  60|0x00000000e3c00000, 0x00000000e3c00000, 0x00000000e3d00000|  0%| F|  |TAMS 0x00000000e3c00000| PB 0x00000000e3c00000| Untracked 
|  61|0x00000000e3d00000, 0x00000000e3d00000, 0x00000000e3e00000|  0%| F|  |TAMS 0x00000000e3d00000| PB 0x00000000e3d00000| Untracked 
|  62|0x00000000e3e00000, 0x00000000e3e00000, 0x00000000e3f00000|  0%| F|  |TAMS 0x00000000e3e00000| PB 0x00000000e3e00000| Untracked 
|  63|0x00000000e3f00000, 0x00000000e3f00000, 0x00000000e4000000|  0%| F|  |TAMS 0x00000000e3f00000| PB 0x00000000e3f00000| Untracked 
|  64|0x00000000e4000000, 0x00000000e4000000, 0x00000000e4100000|  0%| F|  |TAMS 0x00000000e4000000| PB 0x00000000e4000000| Untracked 
|  65|0x00000000e4100000, 0x00000000e4100000, 0x00000000e4200000|  0%| F|  |TAMS 0x00000000e4100000| PB 0x00000000e4100000| Untracked 
|  66|0x00000000e4200000, 0x00000000e4200000, 0x00000000e4300000|  0%| F|  |TAMS 0x00000000e4200000| PB 0x00000000e4200000| Untracked 
|  67|0x00000000e4300000, 0x00000000e4300000, 0x00000000e4400000|  0%| F|  |TAMS 0x00000000e4300000| PB 0x00000000e4300000| Untracked 
|  68|0x00000000e4400000, 0x00000000e4400000, 0x00000000e4500000|  0%| F|  |TAMS 0x00000000e4400000| PB 0x00000000e4400000| Untracked 
|  69|0x00000000e4500000, 0x00000000e4500000, 0x00000000e4600000|  0%| F|  |TAMS 0x00000000e4500000| PB 0x00000000e4500000| Untracked 
|  70|0x00000000e4600000, 0x00000000e4600000, 0x00000000e4700000|  0%| F|  |TAMS 0x00000000e4600000| PB 0x00000000e4600000| Untracked 
|  71|0x00000000e4700000, 0x00000000e4700000, 0x00000000e4800000|  0%| F|  |TAMS 0x00000000e4700000| PB 0x00000000e4700000| Untracked 
|  72|0x00000000e4800000, 0x00000000e4800000, 0x00000000e4900000|  0%| F|  |TAMS 0x00000000e4800000| PB 0x00000000e4800000| Untracked 
|  73|0x00000000e4900000, 0x00000000e4900000, 0x00000000e4a00000|  0%| F|  |TAMS 0x00000000e4900000| PB 0x00000000e4900000| Untracked 
|  74|0x00000000e4a00000, 0x00000000e4a00000, 0x00000000e4b00000|  0%| F|  |TAMS 0x00000000e4a00000| PB 0x00000000e4a00000| Untracked 
|  75|0x00000000e4b00000, 0x00000000e4b00000, 0x00000000e4c00000|  0%| F|  |TAMS 0x00000000e4b00000| PB 0x00000000e4b00000| Untracked 
|  76|0x00000000e4c00000, 0x00000000e4c00000, 0x00000000e4d00000|  0%| F|  |TAMS 0x00000000e4c00000| PB 0x00000000e4c00000| Untracked 
|  77|0x00000000e4d00000, 0x00000000e4d00000, 0x00000000e4e00000|  0%| F|  |TAMS 0x00000000e4d00000| PB 0x00000000e4d00000| Untracked 
|  78|0x00000000e4e00000, 0x00000000e4e00000, 0x00000000e4f00000|  0%| F|  |TAMS 0x00000000e4e00000| PB 0x00000000e4e00000| Untracked 
|  79|0x00000000e4f00000, 0x00000000e4f00000, 0x00000000e5000000|  0%| F|  |TAMS 0x00000000e4f00000| PB 0x00000000e4f00000| Untracked 
|  80|0x00000000e5000000, 0x00000000e5000000, 0x00000000e5100000|  0%| F|  |TAMS 0x00000000e5000000| PB 0x00000000e5000000| Untracked 
|  81|0x00000000e5100000, 0x00000000e5100000, 0x00000000e5200000|  0%| F|  |TAMS 0x00000000e5100000| PB 0x00000000e5100000| Untracked 
|  82|0x00000000e5200000, 0x00000000e5200000, 0x00000000e5300000|  0%| F|  |TAMS 0x00000000e5200000| PB 0x00000000e5200000| Untracked 
|  83|0x00000000e5300000, 0x00000000e5300000, 0x00000000e5400000|  0%| F|  |TAMS 0x00000000e5300000| PB 0x00000000e5300000| Untracked 
|  84|0x00000000e5400000, 0x00000000e5400000, 0x00000000e5500000|  0%| F|  |TAMS 0x00000000e5400000| PB 0x00000000e5400000| Untracked 
|  85|0x00000000e5500000, 0x00000000e5500000, 0x00000000e5600000|  0%| F|  |TAMS 0x00000000e5500000| PB 0x00000000e5500000| Untracked 
|  86|0x00000000e5600000, 0x00000000e5600000, 0x00000000e5700000|  0%| F|  |TAMS 0x00000000e5600000| PB 0x00000000e5600000| Untracked 
|  87|0x00000000e5700000, 0x00000000e5700000, 0x00000000e5800000|  0%| F|  |TAMS 0x00000000e5700000| PB 0x00000000e5700000| Untracked 
|  88|0x00000000e5800000, 0x00000000e5800000, 0x00000000e5900000|  0%| F|  |TAMS 0x00000000e5800000| PB 0x00000000e5800000| Untracked 
|  89|0x00000000e5900000, 0x00000000e5900000, 0x00000000e5a00000|  0%| F|  |TAMS 0x00000000e5900000| PB 0x00000000e5900000| Untracked 
|  90|0x00000000e5a00000, 0x00000000e5a00000, 0x00000000e5b00000|  0%| F|  |TAMS 0x00000000e5a00000| PB 0x00000000e5a00000| Untracked 
|  91|0x00000000e5b00000, 0x00000000e5b00000, 0x00000000e5c00000|  0%| F|  |TAMS 0x00000000e5b00000| PB 0x00000000e5b00000| Untracked 
|  92|0x00000000e5c00000, 0x00000000e5c00000, 0x00000000e5d00000|  0%| F|  |TAMS 0x00000000e5c00000| PB 0x00000000e5c00000| Untracked 
|  93|0x00000000e5d00000, 0x00000000e5d00000, 0x00000000e5e00000|  0%| F|  |TAMS 0x00000000e5d00000| PB 0x00000000e5d00000| Untracked 
|  94|0x00000000e5e00000, 0x00000000e5e00000, 0x00000000e5f00000|  0%| F|  |TAMS 0x00000000e5e00000| PB 0x00000000e5e00000| Untracked 
|  95|0x00000000e5f00000, 0x00000000e5f00000, 0x00000000e6000000|  0%| F|  |TAMS 0x00000000e5f00000| PB 0x00000000e5f00000| Untracked 
|  96|0x00000000e6000000, 0x00000000e6000000, 0x00000000e6100000|  0%| F|  |TAMS 0x00000000e6000000| PB 0x00000000e6000000| Untracked 
|  97|0x00000000e6100000, 0x00000000e6100000, 0x00000000e6200000|  0%| F|  |TAMS 0x00000000e6100000| PB 0x00000000e6100000| Untracked 
|  98|0x00000000e6200000, 0x00000000e6200000, 0x00000000e6300000|  0%| F|  |TAMS 0x00000000e6200000| PB 0x00000000e6200000| Untracked 
|  99|0x00000000e6300000, 0x00000000e6300000, 0x00000000e6400000|  0%| F|  |TAMS 0x00000000e6300000| PB 0x00000000e6300000| Untracked 
| 100|0x00000000e6400000, 0x00000000e6400000, 0x00000000e6500000|  0%| F|  |TAMS 0x00000000e6400000| PB 0x00000000e6400000| Untracked 
| 101|0x00000000e6500000, 0x00000000e6500000, 0x00000000e6600000|  0%| F|  |TAMS 0x00000000e6500000| PB 0x00000000e6500000| Untracked 
| 102|0x00000000e6600000, 0x00000000e6600000, 0x00000000e6700000|  0%| F|  |TAMS 0x00000000e6600000| PB 0x00000000e6600000| Untracked 
| 103|0x00000000e6700000, 0x00000000e6700000, 0x00000000e6800000|  0%| F|  |TAMS 0x00000000e6700000| PB 0x00000000e6700000| Untracked 
| 104|0x00000000e6800000, 0x00000000e6800000, 0x00000000e6900000|  0%| F|  |TAMS 0x00000000e6800000| PB 0x00000000e6800000| Untracked 
| 105|0x00000000e6900000, 0x00000000e6900000, 0x00000000e6a00000|  0%| F|  |TAMS 0x00000000e6900000| PB 0x00000000e6900000| Untracked 
| 106|0x00000000e6a00000, 0x00000000e6a00000, 0x00000000e6b00000|  0%| F|  |TAMS 0x00000000e6a00000| PB 0x00000000e6a00000| Untracked 
| 107|0x00000000e6b00000, 0x00000000e6b00000, 0x00000000e6c00000|  0%| F|  |TAMS 0x00000000e6b00000| PB 0x00000000e6b00000| Untracked 
| 108|0x00000000e6c00000, 0x00000000e6c00000, 0x00000000e6d00000|  0%| F|  |TAMS 0x00000000e6c00000| PB 0x00000000e6c00000| Untracked 
| 109|0x00000000e6d00000, 0x00000000e6d00000, 0x00000000e6e00000|  0%| F|  |TAMS 0x00000000e6d00000| PB 0x00000000e6d00000| Untracked 
| 110|0x00000000e6e00000, 0x00000000e6e00000, 0x00000000e6f00000|  0%| F|  |TAMS 0x00000000e6e00000| PB 0x00000000e6e00000| Untracked 
| 111|0x00000000e6f00000, 0x00000000e6f00000, 0x00000000e7000000|  0%| F|  |TAMS 0x00000000e6f00000| PB 0x00000000e6f00000| Untracked 
| 112|0x00000000e7000000, 0x00000000e7000000, 0x00000000e7100000|  0%| F|  |TAMS 0x00000000e7000000| PB 0x00000000e7000000| Untracked 
| 113|0x00000000e7100000, 0x00000000e7100000, 0x00000000e7200000|  0%| F|  |TAMS 0x00000000e7100000| PB 0x00000000e7100000| Untracked 
| 114|0x00000000e7200000, 0x00000000e7200000, 0x00000000e7300000|  0%| F|  |TAMS 0x00000000e7200000| PB 0x00000000e7200000| Untracked 
| 115|0x00000000e7300000, 0x00000000e7300000, 0x00000000e7400000|  0%| F|  |TAMS 0x00000000e7300000| PB 0x00000000e7300000| Untracked 
| 116|0x00000000e7400000, 0x00000000e7400000, 0x00000000e7500000|  0%| F|  |TAMS 0x00000000e7400000| PB 0x00000000e7400000| Untracked 
| 117|0x00000000e7500000, 0x00000000e7500000, 0x00000000e7600000|  0%| F|  |TAMS 0x00000000e7500000| PB 0x00000000e7500000| Untracked 
| 118|0x00000000e7600000, 0x00000000e7600000, 0x00000000e7700000|  0%| F|  |TAMS 0x00000000e7600000| PB 0x00000000e7600000| Untracked 
| 119|0x00000000e7700000, 0x00000000e7700000, 0x00000000e7800000|  0%| F|  |TAMS 0x00000000e7700000| PB 0x00000000e7700000| Untracked 
| 120|0x00000000e7800000, 0x00000000e7800000, 0x00000000e7900000|  0%| F|  |TAMS 0x00000000e7800000| PB 0x00000000e7800000| Untracked 
| 121|0x00000000e7900000, 0x00000000e7900000, 0x00000000e7a00000|  0%| F|  |TAMS 0x00000000e7900000| PB 0x00000000e7900000| Untracked 
| 122|0x00000000e7a00000, 0x00000000e7a00000, 0x00000000e7b00000|  0%| F|  |TAMS 0x00000000e7a00000| PB 0x00000000e7a00000| Untracked 
| 123|0x00000000e7b00000, 0x00000000e7b00000, 0x00000000e7c00000|  0%| F|  |TAMS 0x00000000e7b00000| PB 0x00000000e7b00000| Untracked 
| 124|0x00000000e7c00000, 0x00000000e7c00000, 0x00000000e7d00000|  0%| F|  |TAMS 0x00000000e7c00000| PB 0x00000000e7c00000| Untracked 
| 125|0x00000000e7d00000, 0x00000000e7d00000, 0x00000000e7e00000|  0%| F|  |TAMS 0x00000000e7d00000| PB 0x00000000e7d00000| Untracked 
| 126|0x00000000e7e00000, 0x00000000e7e00000, 0x00000000e7f00000|  0%| F|  |TAMS 0x00000000e7e00000| PB 0x00000000e7e00000| Untracked 
| 127|0x00000000e7f00000, 0x00000000e7f00000, 0x00000000e8000000|  0%| F|  |TAMS 0x00000000e7f00000| PB 0x00000000e7f00000| Untracked 
| 128|0x00000000e8000000, 0x00000000e8000000, 0x00000000e8100000|  0%| F|  |TAMS 0x00000000e8000000| PB 0x00000000e8000000| Untracked 
| 129|0x00000000e8100000, 0x00000000e8100000, 0x00000000e8200000|  0%| F|  |TAMS 0x00000000e8100000| PB 0x00000000e8100000| Untracked 
| 130|0x00000000e8200000, 0x00000000e8200000, 0x00000000e8300000|  0%| F|  |TAMS 0x00000000e8200000| PB 0x00000000e8200000| Untracked 
| 131|0x00000000e8300000, 0x00000000e8300000, 0x00000000e8400000|  0%| F|  |TAMS 0x00000000e8300000| PB 0x00000000e8300000| Untracked 
| 132|0x00000000e8400000, 0x00000000e8400000, 0x00000000e8500000|  0%| F|  |TAMS 0x00000000e8400000| PB 0x00000000e8400000| Untracked 
| 133|0x00000000e8500000, 0x00000000e8500000, 0x00000000e8600000|  0%| F|  |TAMS 0x00000000e8500000| PB 0x00000000e8500000| Untracked 
| 134|0x00000000e8600000, 0x00000000e8600000, 0x00000000e8700000|  0%| F|  |TAMS 0x00000000e8600000| PB 0x00000000e8600000| Untracked 
| 135|0x00000000e8700000, 0x00000000e8700000, 0x00000000e8800000|  0%| F|  |TAMS 0x00000000e8700000| PB 0x00000000e8700000| Untracked 
| 136|0x00000000e8800000, 0x00000000e8800000, 0x00000000e8900000|  0%| F|  |TAMS 0x00000000e8800000| PB 0x00000000e8800000| Untracked 
| 137|0x00000000e8900000, 0x00000000e8900000, 0x00000000e8a00000|  0%| F|  |TAMS 0x00000000e8900000| PB 0x00000000e8900000| Untracked 
| 138|0x00000000e8a00000, 0x00000000e8a00000, 0x00000000e8b00000|  0%| F|  |TAMS 0x00000000e8a00000| PB 0x00000000e8a00000| Untracked 
| 139|0x00000000e8b00000, 0x00000000e8b00000, 0x00000000e8c00000|  0%| F|  |TAMS 0x00000000e8b00000| PB 0x00000000e8b00000| Untracked 
| 140|0x00000000e8c00000, 0x00000000e8c00000, 0x00000000e8d00000|  0%| F|  |TAMS 0x00000000e8c00000| PB 0x00000000e8c00000| Untracked 
| 141|0x00000000e8d00000, 0x00000000e8d00000, 0x00000000e8e00000|  0%| F|  |TAMS 0x00000000e8d00000| PB 0x00000000e8d00000| Untracked 
| 142|0x00000000e8e00000, 0x00000000e8e00000, 0x00000000e8f00000|  0%| F|  |TAMS 0x00000000e8e00000| PB 0x00000000e8e00000| Untracked 
| 143|0x00000000e8f00000, 0x00000000e8f00000, 0x00000000e9000000|  0%| F|  |TAMS 0x00000000e8f00000| PB 0x00000000e8f00000| Untracked 
| 144|0x00000000e9000000, 0x00000000e9000000, 0x00000000e9100000|  0%| F|  |TAMS 0x00000000e9000000| PB 0x00000000e9000000| Untracked 
| 145|0x00000000e9100000, 0x00000000e9100000, 0x00000000e9200000|  0%| F|  |TAMS 0x00000000e9100000| PB 0x00000000e9100000| Untracked 
| 146|0x00000000e9200000, 0x00000000e9200000, 0x00000000e9300000|  0%| F|  |TAMS 0x00000000e9200000| PB 0x00000000e9200000| Untracked 
| 147|0x00000000e9300000, 0x00000000e9300000, 0x00000000e9400000|  0%| F|  |TAMS 0x00000000e9300000| PB 0x00000000e9300000| Untracked 
| 148|0x00000000e9400000, 0x00000000e9400000, 0x00000000e9500000|  0%| F|  |TAMS 0x00000000e9400000| PB 0x00000000e9400000| Untracked 
| 149|0x00000000e9500000, 0x00000000e9500000, 0x00000000e9600000|  0%| F|  |TAMS 0x00000000e9500000| PB 0x00000000e9500000| Untracked 
| 150|0x00000000e9600000, 0x00000000e9600000, 0x00000000e9700000|  0%| F|  |TAMS 0x00000000e9600000| PB 0x00000000e9600000| Untracked 
| 151|0x00000000e9700000, 0x00000000e9700000, 0x00000000e9800000|  0%| F|  |TAMS 0x00000000e9700000| PB 0x00000000e9700000| Untracked 
| 152|0x00000000e9800000, 0x00000000e9800000, 0x00000000e9900000|  0%| F|  |TAMS 0x00000000e9800000| PB 0x00000000e9800000| Untracked 
| 153|0x00000000e9900000, 0x00000000e9900000, 0x00000000e9a00000|  0%| F|  |TAMS 0x00000000e9900000| PB 0x00000000e9900000| Untracked 
| 154|0x00000000e9a00000, 0x00000000e9a00000, 0x00000000e9b00000|  0%| F|  |TAMS 0x00000000e9a00000| PB 0x00000000e9a00000| Untracked 
| 155|0x00000000e9b00000, 0x00000000e9b00000, 0x00000000e9c00000|  0%| F|  |TAMS 0x00000000e9b00000| PB 0x00000000e9b00000| Untracked 
| 156|0x00000000e9c00000, 0x00000000e9c00000, 0x00000000e9d00000|  0%| F|  |TAMS 0x00000000e9c00000| PB 0x00000000e9c00000| Untracked 
| 157|0x00000000e9d00000, 0x00000000e9d00000, 0x00000000e9e00000|  0%| F|  |TAMS 0x00000000e9d00000| PB 0x00000000e9d00000| Untracked 
| 158|0x00000000e9e00000, 0x00000000e9e00000, 0x00000000e9f00000|  0%| F|  |TAMS 0x00000000e9e00000| PB 0x00000000e9e00000| Untracked 
| 159|0x00000000e9f00000, 0x00000000e9f00000, 0x00000000ea000000|  0%| F|  |TAMS 0x00000000e9f00000| PB 0x00000000e9f00000| Untracked 
| 160|0x00000000ea000000, 0x00000000ea000000, 0x00000000ea100000|  0%| F|  |TAMS 0x00000000ea000000| PB 0x00000000ea000000| Untracked 
| 161|0x00000000ea100000, 0x00000000ea100000, 0x00000000ea200000|  0%| F|  |TAMS 0x00000000ea100000| PB 0x00000000ea100000| Untracked 
| 162|0x00000000ea200000, 0x00000000ea200000, 0x00000000ea300000|  0%| F|  |TAMS 0x00000000ea200000| PB 0x00000000ea200000| Untracked 
| 163|0x00000000ea300000, 0x00000000ea300000, 0x00000000ea400000|  0%| F|  |TAMS 0x00000000ea300000| PB 0x00000000ea300000| Untracked 
| 164|0x00000000ea400000, 0x00000000ea400000, 0x00000000ea500000|  0%| F|  |TAMS 0x00000000ea400000| PB 0x00000000ea400000| Untracked 
| 165|0x00000000ea500000, 0x00000000ea500000, 0x00000000ea600000|  0%| F|  |TAMS 0x00000000ea500000| PB 0x00000000ea500000| Untracked 
| 166|0x00000000ea600000, 0x00000000ea600000, 0x00000000ea700000|  0%| F|  |TAMS 0x00000000ea600000| PB 0x00000000ea600000| Untracked 
| 167|0x00000000ea700000, 0x00000000ea700000, 0x00000000ea800000|  0%| F|  |TAMS 0x00000000ea700000| PB 0x00000000ea700000| Untracked 
| 168|0x00000000ea800000, 0x00000000ea800000, 0x00000000ea900000|  0%| F|  |TAMS 0x00000000ea800000| PB 0x00000000ea800000| Untracked 
| 169|0x00000000ea900000, 0x00000000ea900000, 0x00000000eaa00000|  0%| F|  |TAMS 0x00000000ea900000| PB 0x00000000ea900000| Untracked 
| 170|0x00000000eaa00000, 0x00000000eaa00000, 0x00000000eab00000|  0%| F|  |TAMS 0x00000000eaa00000| PB 0x00000000eaa00000| Untracked 
| 171|0x00000000eab00000, 0x00000000eab00000, 0x00000000eac00000|  0%| F|  |TAMS 0x00000000eab00000| PB 0x00000000eab00000| Untracked 
| 172|0x00000000eac00000, 0x00000000eac00000, 0x00000000ead00000|  0%| F|  |TAMS 0x00000000eac00000| PB 0x00000000eac00000| Untracked 
| 173|0x00000000ead00000, 0x00000000ead00000, 0x00000000eae00000|  0%| F|  |TAMS 0x00000000ead00000| PB 0x00000000ead00000| Untracked 
| 174|0x00000000eae00000, 0x00000000eae00000, 0x00000000eaf00000|  0%| F|  |TAMS 0x00000000eae00000| PB 0x00000000eae00000| Untracked 
| 175|0x00000000eaf00000, 0x00000000eaf00000, 0x00000000eb000000|  0%| F|  |TAMS 0x00000000eaf00000| PB 0x00000000eaf00000| Untracked 
| 176|0x00000000eb000000, 0x00000000eb000000, 0x00000000eb100000|  0%| F|  |TAMS 0x00000000eb000000| PB 0x00000000eb000000| Untracked 
| 177|0x00000000eb100000, 0x00000000eb100000, 0x00000000eb200000|  0%| F|  |TAMS 0x00000000eb100000| PB 0x00000000eb100000| Untracked 
| 178|0x00000000eb200000, 0x00000000eb200000, 0x00000000eb300000|  0%| F|  |TAMS 0x00000000eb200000| PB 0x00000000eb200000| Untracked 
| 179|0x00000000eb300000, 0x00000000eb300000, 0x00000000eb400000|  0%| F|  |TAMS 0x00000000eb300000| PB 0x00000000eb300000| Untracked 
| 180|0x00000000eb400000, 0x00000000eb400000, 0x00000000eb500000|  0%| F|  |TAMS 0x00000000eb400000| PB 0x00000000eb400000| Untracked 
| 181|0x00000000eb500000, 0x00000000eb500000, 0x00000000eb600000|  0%| F|  |TAMS 0x00000000eb500000| PB 0x00000000eb500000| Untracked 
| 182|0x00000000eb600000, 0x00000000eb600000, 0x00000000eb700000|  0%| F|  |TAMS 0x00000000eb600000| PB 0x00000000eb600000| Untracked 
| 183|0x00000000eb700000, 0x00000000eb700000, 0x00000000eb800000|  0%| F|  |TAMS 0x00000000eb700000| PB 0x00000000eb700000| Untracked 
| 184|0x00000000eb800000, 0x00000000eb800000, 0x00000000eb900000|  0%| F|  |TAMS 0x00000000eb800000| PB 0x00000000eb800000| Untracked 
| 185|0x00000000eb900000, 0x00000000eb900000, 0x00000000eba00000|  0%| F|  |TAMS 0x00000000eb900000| PB 0x00000000eb900000| Untracked 
| 186|0x00000000eba00000, 0x00000000eba00000, 0x00000000ebb00000|  0%| F|  |TAMS 0x00000000eba00000| PB 0x00000000eba00000| Untracked 
| 187|0x00000000ebb00000, 0x00000000ebb00000, 0x00000000ebc00000|  0%| F|  |TAMS 0x00000000ebb00000| PB 0x00000000ebb00000| Untracked 
| 188|0x00000000ebc00000, 0x00000000ebc00000, 0x00000000ebd00000|  0%| F|  |TAMS 0x00000000ebc00000| PB 0x00000000ebc00000| Untracked 
| 189|0x00000000ebd00000, 0x00000000ebd00000, 0x00000000ebe00000|  0%| F|  |TAMS 0x00000000ebd00000| PB 0x00000000ebd00000| Untracked 
| 190|0x00000000ebe00000, 0x00000000ebe00000, 0x00000000ebf00000|  0%| F|  |TAMS 0x00000000ebe00000| PB 0x00000000ebe00000| Untracked 
| 191|0x00000000ebf00000, 0x00000000ebf00000, 0x00000000ec000000|  0%| F|  |TAMS 0x00000000ebf00000| PB 0x00000000ebf00000| Untracked 
| 192|0x00000000ec000000, 0x00000000ec000000, 0x00000000ec100000|  0%| F|  |TAMS 0x00000000ec000000| PB 0x00000000ec000000| Untracked 
| 193|0x00000000ec100000, 0x00000000ec100000, 0x00000000ec200000|  0%| F|  |TAMS 0x00000000ec100000| PB 0x00000000ec100000| Untracked 
| 194|0x00000000ec200000, 0x00000000ec200000, 0x00000000ec300000|  0%| F|  |TAMS 0x00000000ec200000| PB 0x00000000ec200000| Untracked 
| 195|0x00000000ec300000, 0x00000000ec300000, 0x00000000ec400000|  0%| F|  |TAMS 0x00000000ec300000| PB 0x00000000ec300000| Untracked 
| 196|0x00000000ec400000, 0x00000000ec400000, 0x00000000ec500000|  0%| F|  |TAMS 0x00000000ec400000| PB 0x00000000ec400000| Untracked 
| 197|0x00000000ec500000, 0x00000000ec500000, 0x00000000ec600000|  0%| F|  |TAMS 0x00000000ec500000| PB 0x00000000ec500000| Untracked 
| 198|0x00000000ec600000, 0x00000000ec600000, 0x00000000ec700000|  0%| F|  |TAMS 0x00000000ec600000| PB 0x00000000ec600000| Untracked 
| 199|0x00000000ec700000, 0x00000000ec700000, 0x00000000ec800000|  0%| F|  |TAMS 0x00000000ec700000| PB 0x00000000ec700000| Untracked 
| 200|0x00000000ec800000, 0x00000000ec800000, 0x00000000ec900000|  0%| F|  |TAMS 0x00000000ec800000| PB 0x00000000ec800000| Untracked 
| 201|0x00000000ec900000, 0x00000000ec900000, 0x00000000eca00000|  0%| F|  |TAMS 0x00000000ec900000| PB 0x00000000ec900000| Untracked 
| 202|0x00000000eca00000, 0x00000000eca00000, 0x00000000ecb00000|  0%| F|  |TAMS 0x00000000eca00000| PB 0x00000000eca00000| Untracked 
| 203|0x00000000ecb00000, 0x00000000ecb00000, 0x00000000ecc00000|  0%| F|  |TAMS 0x00000000ecb00000| PB 0x00000000ecb00000| Untracked 
| 204|0x00000000ecc00000, 0x00000000ecc00000, 0x00000000ecd00000|  0%| F|  |TAMS 0x00000000ecc00000| PB 0x00000000ecc00000| Untracked 
| 205|0x00000000ecd00000, 0x00000000ecd00000, 0x00000000ece00000|  0%| F|  |TAMS 0x00000000ecd00000| PB 0x00000000ecd00000| Untracked 
| 206|0x00000000ece00000, 0x00000000ece00000, 0x00000000ecf00000|  0%| F|  |TAMS 0x00000000ece00000| PB 0x00000000ece00000| Untracked 
| 207|0x00000000ecf00000, 0x00000000ecf00000, 0x00000000ed000000|  0%| F|  |TAMS 0x00000000ecf00000| PB 0x00000000ecf00000| Untracked 
| 208|0x00000000ed000000, 0x00000000ed000000, 0x00000000ed100000|  0%| F|  |TAMS 0x00000000ed000000| PB 0x00000000ed000000| Untracked 
| 209|0x00000000ed100000, 0x00000000ed100000, 0x00000000ed200000|  0%| F|  |TAMS 0x00000000ed100000| PB 0x00000000ed100000| Untracked 
| 210|0x00000000ed200000, 0x00000000ed200000, 0x00000000ed300000|  0%| F|  |TAMS 0x00000000ed200000| PB 0x00000000ed200000| Untracked 
| 211|0x00000000ed300000, 0x00000000ed300000, 0x00000000ed400000|  0%| F|  |TAMS 0x00000000ed300000| PB 0x00000000ed300000| Untracked 
| 212|0x00000000ed400000, 0x00000000ed400000, 0x00000000ed500000|  0%| F|  |TAMS 0x00000000ed400000| PB 0x00000000ed400000| Untracked 
| 213|0x00000000ed500000, 0x00000000ed500000, 0x00000000ed600000|  0%| F|  |TAMS 0x00000000ed500000| PB 0x00000000ed500000| Untracked 
| 214|0x00000000ed600000, 0x00000000ed600000, 0x00000000ed700000|  0%| F|  |TAMS 0x00000000ed600000| PB 0x00000000ed600000| Untracked 
| 215|0x00000000ed700000, 0x00000000ed700000, 0x00000000ed800000|  0%| F|  |TAMS 0x00000000ed700000| PB 0x00000000ed700000| Untracked 
| 216|0x00000000ed800000, 0x00000000ed800000, 0x00000000ed900000|  0%| F|  |TAMS 0x00000000ed800000| PB 0x00000000ed800000| Untracked 
| 217|0x00000000ed900000, 0x00000000ed900000, 0x00000000eda00000|  0%| F|  |TAMS 0x00000000ed900000| PB 0x00000000ed900000| Untracked 
| 218|0x00000000eda00000, 0x00000000eda00000, 0x00000000edb00000|  0%| F|  |TAMS 0x00000000eda00000| PB 0x00000000eda00000| Untracked 
| 219|0x00000000edb00000, 0x00000000edb00000, 0x00000000edc00000|  0%| F|  |TAMS 0x00000000edb00000| PB 0x00000000edb00000| Untracked 
| 220|0x00000000edc00000, 0x00000000edc00000, 0x00000000edd00000|  0%| F|  |TAMS 0x00000000edc00000| PB 0x00000000edc00000| Untracked 
| 221|0x00000000edd00000, 0x00000000eddeb8c8, 0x00000000ede00000| 92%| E|  |TAMS 0x00000000edd00000| PB 0x00000000edd00000| Complete 
| 222|0x00000000ede00000, 0x00000000edf00000, 0x00000000edf00000|100%| E|CS|TAMS 0x00000000ede00000| PB 0x00000000ede00000| Complete 
| 223|0x00000000edf00000, 0x00000000ee000000, 0x00000000ee000000|100%| E|CS|TAMS 0x00000000edf00000| PB 0x00000000edf00000| Complete 
| 224|0x00000000ee000000, 0x00000000ee100000, 0x00000000ee100000|100%| E|CS|TAMS 0x00000000ee000000| PB 0x00000000ee000000| Complete 
| 225|0x00000000ee100000, 0x00000000ee200000, 0x00000000ee200000|100%| E|CS|TAMS 0x00000000ee100000| PB 0x00000000ee100000| Complete 
| 226|0x00000000ee200000, 0x00000000ee300000, 0x00000000ee300000|100%| E|CS|TAMS 0x00000000ee200000| PB 0x00000000ee200000| Complete 
| 227|0x00000000ee300000, 0x00000000ee400000, 0x00000000ee400000|100%| E|CS|TAMS 0x00000000ee300000| PB 0x00000000ee300000| Complete 
| 228|0x00000000ee400000, 0x00000000ee500000, 0x00000000ee500000|100%| E|CS|TAMS 0x00000000ee400000| PB 0x00000000ee400000| Complete 
| 229|0x00000000ee500000, 0x00000000ee600000, 0x00000000ee600000|100%| E|CS|TAMS 0x00000000ee500000| PB 0x00000000ee500000| Complete 
| 230|0x00000000ee600000, 0x00000000ee700000, 0x00000000ee700000|100%| E|CS|TAMS 0x00000000ee600000| PB 0x00000000ee600000| Complete 
| 231|0x00000000ee700000, 0x00000000ee800000, 0x00000000ee800000|100%| E|CS|TAMS 0x00000000ee700000| PB 0x00000000ee700000| Complete 
| 232|0x00000000ee800000, 0x00000000ee900000, 0x00000000ee900000|100%| E|CS|TAMS 0x00000000ee800000| PB 0x00000000ee800000| Complete 
| 233|0x00000000ee900000, 0x00000000eea00000, 0x00000000eea00000|100%| E|CS|TAMS 0x00000000ee900000| PB 0x00000000ee900000| Complete 
| 234|0x00000000eea00000, 0x00000000eeb00000, 0x00000000eeb00000|100%| E|CS|TAMS 0x00000000eea00000| PB 0x00000000eea00000| Complete 
| 235|0x00000000eeb00000, 0x00000000eec00000, 0x00000000eec00000|100%| E|CS|TAMS 0x00000000eeb00000| PB 0x00000000eeb00000| Complete 
| 236|0x00000000eec00000, 0x00000000eed00000, 0x00000000eed00000|100%| E|  |TAMS 0x00000000eec00000| PB 0x00000000eec00000| Complete 
| 237|0x00000000eed00000, 0x00000000eee00000, 0x00000000eee00000|100%| E|CS|TAMS 0x00000000eed00000| PB 0x00000000eed00000| Complete 
| 238|0x00000000eee00000, 0x00000000eef00000, 0x00000000eef00000|100%| E|CS|TAMS 0x00000000eee00000| PB 0x00000000eee00000| Complete 
| 239|0x00000000eef00000, 0x00000000ef000000, 0x00000000ef000000|100%| E|CS|TAMS 0x00000000eef00000| PB 0x00000000eef00000| Complete 
| 240|0x00000000ef000000, 0x00000000ef100000, 0x00000000ef100000|100%| E|CS|TAMS 0x00000000ef000000| PB 0x00000000ef000000| Complete 
| 241|0x00000000ef100000, 0x00000000ef200000, 0x00000000ef200000|100%| E|CS|TAMS 0x00000000ef100000| PB 0x00000000ef100000| Complete 
| 242|0x00000000ef200000, 0x00000000ef300000, 0x00000000ef300000|100%| E|CS|TAMS 0x00000000ef200000| PB 0x00000000ef200000| Complete 
| 243|0x00000000ef300000, 0x00000000ef400000, 0x00000000ef400000|100%| E|CS|TAMS 0x00000000ef300000| PB 0x00000000ef300000| Complete 

Card table byte_map: [0x000001633a730000,0x000001633a830000] _byte_map_base: 0x000001633a030000

Marking Bits: (CMBitMap*) 0x0000016322958870
 Bits: [0x000001633a830000, 0x000001633b030000)

Polling page: 0x00000163207b0000

Metaspace:

Usage:
  Non-class:      5.32 MB used.
      Class:    781.54 KB used.
       Both:      6.08 MB used.

Virtual space:
  Non-class space:       64.00 MB reserved,       5.44 MB (  8%) committed,  1 nodes.
      Class space:        1.00 GB reserved,     896.00 KB ( <1%) committed,  1 nodes.
             Both:        1.06 GB reserved,       6.31 MB ( <1%) committed. 

Chunk freelists:
   Non-Class:  9.94 MB
       Class:  15.04 MB
        Both:  24.97 MB

MaxMetaspaceSize: unlimited
CompressedClassSpaceSize: 1.00 GB
Initial GC threshold: 21.00 MB
Current GC threshold: 21.00 MB
CDS: on
 - commit_granule_bytes: 65536.
 - commit_granule_words: 8192.
 - virtual_space_node_default_size: 8388608.
 - enlarge_chunks_in_place: 1.
 - use_allocation_guard: 0.


Internal statistics:

num_allocs_failed_limit: 0.
num_arena_births: 142.
num_arena_deaths: 0.
num_vsnodes_births: 2.
num_vsnodes_deaths: 0.
num_space_committed: 101.
num_space_uncommitted: 0.
num_chunks_returned_to_freelist: 0.
num_chunks_taken_from_freelist: 296.
num_chunk_merges: 0.
num_chunk_splits: 177.
num_chunks_enlarged: 106.
num_inconsistent_stats: 0.

CodeHeap 'non-profiled nmethods': size=119168Kb used=456Kb max_used=456Kb free=118711Kb
 bounds [0x0000016332950000, 0x0000016332bc0000, 0x0000016339db0000]
CodeHeap 'profiled nmethods': size=119104Kb used=2607Kb max_used=2607Kb free=116496Kb
 bounds [0x000001632adb0000, 0x000001632b040000, 0x0000016332200000]
CodeHeap 'non-nmethods': size=7488Kb used=3063Kb max_used=3086Kb free=4424Kb
 bounds [0x0000016332200000, 0x0000016332510000, 0x0000016332950000]
 total_blobs=1887 nmethods=1411 adapters=378
 compilation: enabled
              stopped_count=0, restarted_count=0
 full_count=0

Compilation events (20 events):
Event: 0.602 Thread 0x000001633e2573a0 1302       4       java.util.ArrayList::get (15 bytes)
Event: 0.602 Thread 0x000001633e2573a0 nmethod 1302 0x00000163329b4f90 code [0x00000163329b5120, 0x00000163329b5238]
Event: 0.604 Thread 0x000001633e04f1c0 1303       4       java.lang.String::lastIndexOf (12 bytes)
Event: 0.605 Thread 0x000001633e04fc50 1304       1       java.nio.Buffer::position (5 bytes)
Event: 0.605 Thread 0x000001633e04fc50 nmethod 1304 0x00000163329b5390 code [0x00000163329b5520, 0x00000163329b55e8]
Event: 0.606 Thread 0x000001633e04f1c0 nmethod 1303 0x00000163329b5690 code [0x00000163329b5820, 0x00000163329b5a60]
Event: 0.607 Thread 0x000001633e39e940 1305       3       sun.net.util.IPAddressUtil::scan (62 bytes)
Event: 0.607 Thread 0x000001633e2573a0 1306 %     4       java.lang.StringLatin1::indexOf @ 30 (121 bytes)
Event: 0.608 Thread 0x000001633e04fc50 1307       3       jdk.internal.loader.Resource::getByteBuffer (24 bytes)
Event: 0.608 Thread 0x000001633e39e940 nmethod 1305 0x000001632b011c90 code [0x000001632b011ee0, 0x000001632b0127c8]
Event: 0.608 Thread 0x000001633e04f1c0 1308   !   4       jdk.internal.loader.URLClassPath$JarLoader::getResource (40 bytes)
Event: 0.608 Thread 0x000001633e04fc50 nmethod 1307 0x000001632b012b90 code [0x000001632b012d80, 0x000001632b013478]
Event: 0.608 Thread 0x000001633e11adf0 1309       3       jdk.internal.loader.URLClassPath$JarLoader$2::getCodeSigners (8 bytes)
Event: 0.608 Thread 0x000001633e11adf0 nmethod 1309 0x000001632b013610 code [0x000001632b0137c0, 0x000001632b013998]
Event: 0.612 Thread 0x000001633e2573a0 nmethod 1306% 0x00000163329b5c10 code [0x00000163329b5dc0, 0x00000163329b6180]
Event: 0.612 Thread 0x000001633e2573a0 1310       4       java.lang.String::startsWith (123 bytes)
Event: 0.616 Thread 0x000001633e2573a0 nmethod 1310 0x00000163329b6410 code [0x00000163329b65c0, 0x00000163329b68c8]
Event: 0.616 Thread 0x000001633e2573a0 1311       4       jdk.internal.util.ArraysSupport::mismatch (103 bytes)
Event: 0.617 Thread 0x000001633e214a80 1313       3       java.lang.Package::isSealed (26 bytes)
Event: 0.617 Thread 0x000001633e214a80 nmethod 1313 0x000001632b013a90 code [0x000001632b013c40, 0x000001632b013f38]

GC Heap History (0 events):
No events

Dll operation events (9 events):
Event: 0.012 Loaded shared library C:\Program Files\Java\jdk-21\bin\java.dll
Event: 0.055 Loaded shared library C:\Program Files\Java\jdk-21\bin\jsvml.dll
Event: 0.158 Loaded shared library C:\Program Files\Java\jdk-21\bin\net.dll
Event: 0.161 Loaded shared library C:\Program Files\Java\jdk-21\bin\nio.dll
Event: 0.164 Loaded shared library C:\Program Files\Java\jdk-21\bin\zip.dll
Event: 0.213 Loaded shared library C:\Program Files\Java\jdk-21\bin\verify.dll
Event: 0.219 Loaded shared library C:\Program Files\Java\jdk-21\bin\jimage.dll
Event: 0.475 Loaded shared library C:\Program Files\Java\jdk-21\bin\extnet.dll
Event: 0.555 Loaded shared library C:\Program Files\Java\jdk-21\bin\sunmscapi.dll

Deoptimization events (20 events):
Event: 0.508 Thread 0x0000016320641f10 Uncommon trap: trap_request=0xffffffde fr.pc=0x00000163329996e8 relative=0x0000000000000288
Event: 0.508 Thread 0x0000016320641f10 Uncommon trap: reason=class_check action=maybe_recompile pc=0x00000163329996e8 method=java.util.HashMap.getNode(Ljava/lang/Object;)Ljava/util/HashMap$Node; @ 63 c2
Event: 0.508 Thread 0x0000016320641f10 DEOPT PACKING pc=0x00000163329996e8 sp=0x0000005ef3bfebc0
Event: 0.508 Thread 0x0000016320641f10 DEOPT UNPACKING pc=0x00000163322546a2 sp=0x0000005ef3bfeb28 mode 2
Event: 0.522 Thread 0x000001633e048990 Uncommon trap: trap_request=0xffffff45 fr.pc=0x000001633295e760 relative=0x0000000000000040
Event: 0.522 Thread 0x000001633e048990 Uncommon trap: reason=unstable_if action=reinterpret pc=0x000001633295e760 method=java.util.concurrent.locks.AbstractQueuedSynchronizer.signalNext(Ljava/util/concurrent/locks/AbstractQueuedSynchronizer$Node;)V @ 1 c2
Event: 0.522 Thread 0x000001633e048990 DEOPT PACKING pc=0x000001633295e760 sp=0x0000005ef53fee70
Event: 0.522 Thread 0x000001633e048990 DEOPT UNPACKING pc=0x00000163322546a2 sp=0x0000005ef53fee08 mode 2
Event: 0.536 Thread 0x0000016320641f10 Uncommon trap: trap_request=0xffffffde fr.pc=0x000001633299970c relative=0x00000000000002ac
Event: 0.536 Thread 0x0000016320641f10 Uncommon trap: reason=class_check action=maybe_recompile pc=0x000001633299970c method=java.util.HashMap.getNode(Ljava/lang/Object;)Ljava/util/HashMap$Node; @ 128 c2
Event: 0.536 Thread 0x0000016320641f10 DEOPT PACKING pc=0x000001633299970c sp=0x0000005ef3bfc860
Event: 0.536 Thread 0x0000016320641f10 DEOPT UNPACKING pc=0x00000163322546a2 sp=0x0000005ef3bfc7c8 mode 2
Event: 0.536 Thread 0x0000016320641f10 Uncommon trap: trap_request=0xffffffde fr.pc=0x000001633299970c relative=0x00000000000002ac
Event: 0.536 Thread 0x0000016320641f10 Uncommon trap: reason=class_check action=maybe_recompile pc=0x000001633299970c method=java.util.HashMap.getNode(Ljava/lang/Object;)Ljava/util/HashMap$Node; @ 128 c2
Event: 0.536 Thread 0x0000016320641f10 DEOPT PACKING pc=0x000001633299970c sp=0x0000005ef3bfc860
Event: 0.536 Thread 0x0000016320641f10 DEOPT UNPACKING pc=0x00000163322546a2 sp=0x0000005ef3bfc7c8 mode 2
Event: 0.536 Thread 0x0000016320641f10 Uncommon trap: trap_request=0xffffffde fr.pc=0x000001633299970c relative=0x00000000000002ac
Event: 0.536 Thread 0x0000016320641f10 Uncommon trap: reason=class_check action=maybe_recompile pc=0x000001633299970c method=java.util.HashMap.getNode(Ljava/lang/Object;)Ljava/util/HashMap$Node; @ 128 c2
Event: 0.536 Thread 0x0000016320641f10 DEOPT PACKING pc=0x000001633299970c sp=0x0000005ef3bfc860
Event: 0.536 Thread 0x0000016320641f10 DEOPT UNPACKING pc=0x00000163322546a2 sp=0x0000005ef3bfc7c8 mode 2

Classes loaded (20 events):
Event: 0.596 Loading class java/util/concurrent/ConcurrentSkipListMap$EntrySet
Event: 0.596 Loading class java/util/concurrent/ConcurrentSkipListMap$EntrySet done
Event: 0.596 Loading class java/util/concurrent/ConcurrentSkipListMap$EntryIterator
Event: 0.596 Loading class java/util/concurrent/ConcurrentSkipListMap$EntryIterator done
Event: 0.598 Loading class java/util/logging/ConsoleHandler
Event: 0.598 Loading class java/util/logging/StreamHandler
Event: 0.598 Loading class java/util/logging/StreamHandler done
Event: 0.598 Loading class java/util/logging/ConsoleHandler done
Event: 0.599 Loading class java/lang/IndexOutOfBoundsException
Event: 0.599 Loading class java/lang/IndexOutOfBoundsException done
Event: 0.600 Loading class java/security/AccessControlException
Event: 0.600 Loading class java/security/AccessControlException done
Event: 0.600 Loading class java/io/StreamCorruptedException
Event: 0.600 Loading class java/io/StreamCorruptedException done
Event: 0.600 Loading class java/util/AbstractList$ListItr
Event: 0.600 Loading class java/util/AbstractList$ListItr done
Event: 0.605 Loading class jdk/internal/loader/URLClassPath$FileLoader$1
Event: 0.605 Loading class jdk/internal/loader/URLClassPath$FileLoader$1 done
Event: 0.612 Loading class java/lang/Class$AnnotationData
Event: 0.613 Loading class java/lang/Class$AnnotationData done

Classes unloaded (0 events):
No events

Classes redefined (0 events):
No events

Internal exceptions (17 events):
Event: 0.180 Thread 0x0000016320641f10 Exception <a 'java/lang/NoSuchMethodError'{0x00000000ef081740}: 'void java.lang.invoke.DirectMethodHandle$Holder.invokeInterface(java.lang.Object, java.lang.Object, java.lang.Object)'> (0x00000000ef081740) 
thrown [s\open\src\hotspot\share\interpreter\linkResolver.cpp, line 773]
Event: 0.315 Thread 0x0000016320641f10 Exception <a 'java/lang/NoSuchMethodError'{0x00000000eecd2e68}: static Ljava/lang/Object;.<clinit>()V> (0x00000000eecd2e68) 
thrown [s\open\src\hotspot\share\prims\jni.cpp, line 1111]
Event: 0.343 Thread 0x0000016320641f10 Exception <a 'java/lang/NoSuchMethodError'{0x00000000eeb965f0}: static Lorg/gradle/api/internal/tasks/testing/junit/JUnitTestClassProcessorFactory;.<clinit>()V> (0x00000000eeb965f0) 
thrown [s\open\src\hotspot\share\prims\jni.cpp, line 1111]
Event: 0.344 Thread 0x0000016320641f10 Exception <a 'java/lang/NoSuchMethodError'{0x00000000eeba4690}: static Lorg/gradle/api/internal/tasks/testing/junit/JUnitSpec;.<clinit>()V> (0x00000000eeba4690) 
thrown [s\open\src\hotspot\share\prims\jni.cpp, line 1111]
Event: 0.345 Thread 0x0000016320641f10 Exception <a 'java/lang/NoSuchMethodError'{0x00000000eeba8458}: 'long java.lang.invoke.DirectMethodHandle$Holder.invokeSpecial(java.lang.Object, java.lang.Object)'> (0x00000000eeba8458) 
thrown [s\open\src\hotspot\share\interpreter\linkResolver.cpp, line 773]
Event: 0.346 Thread 0x0000016320641f10 Exception <a 'java/lang/NoSuchMethodError'{0x00000000eebab998}: 'long java.lang.invoke.Invokers$Holder.invokeExact_MT(java.lang.Object, java.lang.Object)'> (0x00000000eebab998) 
thrown [s\open\src\hotspot\share\interpreter\linkResolver.cpp, line 773]
Event: 0.349 Thread 0x0000016320641f10 Exception <a 'java/lang/NoSuchMethodError'{0x00000000eebc1810}: 'void java.lang.invoke.DirectMethodHandle$Holder.invokeSpecial(java.lang.Object, java.lang.Object, java.lang.Object)'> (0x00000000eebc1810) 
thrown [s\open\src\hotspot\share\interpreter\linkResolver.cpp, line 773]
Event: 0.351 Thread 0x0000016320641f10 Exception <a 'java/lang/NoSuchMethodError'{0x00000000eebd91a0}: static Lorg/gradle/api/internal/tasks/testing/filter/TestFilterSpec;.<clinit>()V> (0x00000000eebd91a0) 
thrown [s\open\src\hotspot\share\prims\jni.cpp, line 1111]
Event: 0.387 Thread 0x0000016320641f10 Exception <a 'java/lang/NoSuchMethodError'{0x00000000ee9232b8}: 'java.lang.Object java.lang.invoke.DirectMethodHandle$Holder.invokeVirtual(java.lang.Object, java.lang.Object, java.lang.Object)'> (0x00000000ee9232b8) 
thrown [s\open\src\hotspot\share\interpreter\linkResolver.cpp, line 773]
Event: 0.412 Thread 0x0000016320641f10 Exception <a 'java/lang/NoSuchMethodError'{0x00000000ee818190}: 'java.lang.Object java.lang.invoke.DirectMethodHandle$Holder.invokeStatic(java.lang.Object, java.lang.Object, int)'> (0x00000000ee818190) 
thrown [s\open\src\hotspot\share\interpreter\linkResolver.cpp, line 773]
Event: 0.413 Thread 0x0000016320641f10 Exception <a 'java/lang/NoSuchMethodError'{0x00000000ee823610}: 'void java.lang.invoke.DelegatingMethodHandle$Holder.delegate(java.lang.Object, java.lang.Object, int, java.lang.Object)'> (0x00000000ee823610) 
thrown [s\open\src\hotspot\share\interpreter\linkResolver.cpp, line 773]
Event: 0.413 Thread 0x0000016320641f10 Exception <a 'java/lang/NoSuchMethodError'{0x00000000ee827710}: 'int java.lang.invoke.DirectMethodHandle$Holder.invokeSpecial(java.lang.Object, java.lang.Object, java.lang.Object)'> (0x00000000ee827710) 
thrown [s\open\src\hotspot\share\interpreter\linkResolver.cpp, line 773]
Event: 0.463 Thread 0x0000016320641f10 Exception <a 'java/lang/NoSuchMethodError'{0x00000000ee6bcf48}: 'java.lang.Object java.lang.invoke.DirectMethodHandle$Holder.invokeVirtual(java.lang.Object, java.lang.Object, java.lang.Object, java.lang.Object)'> (0x00000000ee6bcf48) 
thrown [s\open\src\hotspot\share\interpreter\linkResolver.cpp, line 773]
Event: 0.465 Thread 0x0000016320641f10 Exception <a 'java/lang/NoSuchMethodError'{0x00000000ee6cc748}: 'java.lang.Object java.lang.invoke.Invokers$Holder.invokeExact_MT(java.lang.Object, java.lang.Object, java.lang.Object, java.lang.Object, java.lang.Object)'> (0x00000000ee6cc748) 
thrown [s\open\src\hotspot\share\interpreter\linkResolver.cpp, line 773]
Event: 0.528 Thread 0x0000016320641f10 Exception <a 'java/lang/NoSuchMethodError'{0x00000000ee354d18}: 'java.lang.Object java.lang.invoke.DirectMethodHandle$Holder.invokeStaticInit(java.lang.Object, int, int, int, int)'> (0x00000000ee354d18) 
thrown [s\open\src\hotspot\share\interpreter\linkResolver.cpp, line 773]
Event: 0.579 Thread 0x0000016320641f10 Exception <a 'java/lang/NoSuchMethodError'{0x00000000ee18a1f0}: 'java.lang.Object java.lang.invoke.DirectMethodHandle$Holder.invokeStaticInit(java.lang.Object, java.lang.Object, int, int, int, int)'> (0x00000000ee18a1f0) 
thrown [s\open\src\hotspot\share\interpreter\linkResolver.cpp, line 773]
Event: 0.596 Thread 0x000001633e048990 Exception <a 'java/lang/NoSuchMethodError'{0x00000000ee37a330}: 'void java.lang.invoke.DirectMethodHandle$Holder.invokeInterface(java.lang.Object, java.lang.Object)'> (0x00000000ee37a330) 
thrown [s\open\src\hotspot\share\interpreter\linkResolver.cpp, line 773]

ZGC Phase Switch (0 events):
No events

VM Operations (20 events):
Event: 0.405 Executing VM operation: HandshakeAllThreads (Deoptimize)
Event: 0.405 Executing VM operation: HandshakeAllThreads (Deoptimize) done
Event: 0.451 Executing VM operation: HandshakeAllThreads (Deoptimize)
Event: 0.451 Executing VM operation: HandshakeAllThreads (Deoptimize) done
Event: 0.461 Executing VM operation: HandshakeAllThreads (Deoptimize)
Event: 0.461 Executing VM operation: HandshakeAllThreads (Deoptimize) done
Event: 0.520 Executing VM operation: HandshakeAllThreads (Deoptimize)
Event: 0.520 Executing VM operation: HandshakeAllThreads (Deoptimize) done
Event: 0.521 Executing VM operation: HandshakeAllThreads (Deoptimize)
Event: 0.521 Executing VM operation: HandshakeAllThreads (Deoptimize) done
Event: 0.546 Executing VM operation: ICBufferFull
Event: 0.546 Executing VM operation: ICBufferFull done
Event: 0.572 Executing VM operation: HandshakeAllThreads (Deoptimize)
Event: 0.572 Executing VM operation: HandshakeAllThreads (Deoptimize) done
Event: 0.600 Executing VM operation: HandshakeAllThreads (Deoptimize)
Event: 0.600 Executing VM operation: HandshakeAllThreads (Deoptimize) done
Event: 0.605 Executing VM operation: HandshakeAllThreads (Deoptimize)
Event: 0.605 Executing VM operation: HandshakeAllThreads (Deoptimize) done
Event: 0.605 Executing VM operation: HandshakeAllThreads (Deoptimize)
Event: 0.605 Executing VM operation: HandshakeAllThreads (Deoptimize) done

Events (19 events):
Event: 0.028 Thread 0x0000016320641f10 Thread added: 0x0000016320641f10
Event: 0.052 Thread 0x000001633e037e70 Thread added: 0x000001633e037e70
Event: 0.052 Thread 0x000001633e0388c0 Thread added: 0x000001633e0388c0
Event: 0.053 Thread 0x000001633e03bab0 Thread added: 0x000001633e03bab0
Event: 0.053 Thread 0x000001633e03c760 Thread added: 0x000001633e03c760
Event: 0.053 Thread 0x000001633e03e730 Thread added: 0x000001633e03e730
Event: 0.053 Thread 0x000001633e04a3d0 Thread added: 0x000001633e04a3d0
Event: 0.053 Thread 0x000001633e04f1c0 Thread added: 0x000001633e04f1c0
Event: 0.053 Thread 0x000001633e04fc50 Thread added: 0x000001633e04fc50
Event: 0.142 Thread 0x000001633e11adf0 Thread added: 0x000001633e11adf0
Event: 0.145 Thread 0x000001633e214a80 Thread added: 0x000001633e214a80
Event: 0.152 Thread 0x000001633e0475e0 Thread added: 0x000001633e0475e0
Event: 0.154 Thread 0x000001633e0496b0 Thread added: 0x000001633e0496b0
Event: 0.171 Thread 0x000001633e256d00 Thread added: 0x000001633e256d00
Event: 0.171 Thread 0x000001633e2573a0 Thread added: 0x000001633e2573a0
Event: 0.445 Thread 0x000001633e39e940 Thread added: 0x000001633e39e940
Event: 0.521 Thread 0x000001633e048990 Thread added: 0x000001633e048990
Event: 0.593 Thread 0x000001633e049d40 Thread added: 0x000001633e049d40
Event: 0.594 Thread 0x000001633e04aa60 Thread added: 0x000001633e04aa60


Dynamic libraries:
0x00007ff6654f0000 - 0x00007ff665500000 	C:\Program Files\Java\jdk-21\bin\java.exe
0x00007ffd4abc0000 - 0x00007ffd4ae26000 	C:\WINDOWS\SYSTEM32\ntdll.dll
0x00007ffd49e30000 - 0x00007ffd49ef9000 	C:\WINDOWS\System32\KERNEL32.DLL
0x00007ffd48220000 - 0x00007ffd485ec000 	C:\WINDOWS\System32\KERNELBASE.dll
0x00007ffd48830000 - 0x00007ffd4897b000 	C:\WINDOWS\System32\ucrtbase.dll
0x00007ffd33d60000 - 0x00007ffd33d79000 	C:\Program Files\Java\jdk-21\bin\jli.dll
0x00007ffd33cf0000 - 0x00007ffd33d0b000 	C:\Program Files\Java\jdk-21\bin\VCRUNTIME140.dll
0x00007ffd4a170000 - 0x00007ffd4a222000 	C:\WINDOWS\System32\ADVAPI32.dll
0x00007ffd49880000 - 0x00007ffd49929000 	C:\WINDOWS\System32\msvcrt.dll
0x00007ffd4a0c0000 - 0x00007ffd4a166000 	C:\WINDOWS\System32\sechost.dll
0x00007ffd49fa0000 - 0x00007ffd4a0b6000 	C:\WINDOWS\System32\RPCRT4.dll
0x00007ffd48a80000 - 0x00007ffd48c4a000 	C:\WINDOWS\System32\USER32.dll
0x00007ffd47ed0000 - 0x00007ffd47ef7000 	C:\WINDOWS\System32\win32u.dll
0x00007ffd497a0000 - 0x00007ffd497cb000 	C:\WINDOWS\System32\GDI32.dll
0x00007ffd355c0000 - 0x00007ffd3585a000 	C:\WINDOWS\WinSxS\amd64_microsoft.windows.common-controls_6595b64144ccf1df_6.0.26100.3912_none_3e07963ce335137e\COMCTL32.dll
0x00007ffd480e0000 - 0x00007ffd48212000 	C:\WINDOWS\System32\gdi32full.dll
0x00007ffd48030000 - 0x00007ffd480d3000 	C:\WINDOWS\System32\msvcp_win.dll
0x00007ffd3fdf0000 - 0x00007ffd3fdfb000 	C:\WINDOWS\SYSTEM32\VERSION.dll
0x00007ffd4a2c0000 - 0x00007ffd4a2f0000 	C:\WINDOWS\System32\IMM32.DLL
0x00007ffd33d50000 - 0x00007ffd33d5c000 	C:\Program Files\Java\jdk-21\bin\vcruntime140_1.dll
0x00007ffcf8bf0000 - 0x00007ffcf8c7e000 	C:\Program Files\Java\jdk-21\bin\msvcp140.dll
0x00007ffc53d90000 - 0x00007ffc54aaa000 	C:\Program Files\Java\jdk-21\bin\server\jvm.dll
0x00007ffd490e0000 - 0x00007ffd49154000 	C:\WINDOWS\System32\WS2_32.dll
0x00007ffd47ba0000 - 0x00007ffd47bfe000 	C:\WINDOWS\SYSTEM32\POWRPROF.dll
0x00007ffd3f670000 - 0x00007ffd3f6a6000 	C:\WINDOWS\SYSTEM32\WINMM.dll
0x00007ffd47b80000 - 0x00007ffd47b94000 	C:\WINDOWS\SYSTEM32\UMPDC.dll
0x00007ffd46b10000 - 0x00007ffd46b2a000 	C:\WINDOWS\SYSTEM32\kernel.appcore.dll
0x00007ffd32700000 - 0x00007ffd3270a000 	C:\Program Files\Java\jdk-21\bin\jimage.dll
0x00007ffd3bbc0000 - 0x00007ffd3be01000 	C:\WINDOWS\SYSTEM32\DBGHELP.DLL
0x00007ffd49210000 - 0x00007ffd49594000 	C:\WINDOWS\System32\combase.dll
0x00007ffd4a350000 - 0x00007ffd4a430000 	C:\WINDOWS\System32\OLEAUT32.dll
0x00007ffd2fe80000 - 0x00007ffd2feb9000 	C:\WINDOWS\SYSTEM32\dbgcore.DLL
0x00007ffd47f00000 - 0x00007ffd47f99000 	C:\WINDOWS\System32\bcryptPrimitives.dll
0x00007ffd2deb0000 - 0x00007ffd2decf000 	C:\Program Files\Java\jdk-21\bin\java.dll
0x00007ffd4a450000 - 0x00007ffd4ab7d000 	C:\WINDOWS\System32\SHELL32.dll
0x00007ffd486b0000 - 0x00007ffd48824000 	C:\WINDOWS\System32\wintypes.dll
0x00007ffd459e0000 - 0x00007ffd46236000 	C:\WINDOWS\SYSTEM32\windows.storage.dll
0x00007ffd48980000 - 0x00007ffd48a6f000 	C:\WINDOWS\System32\SHCORE.dll
0x00007ffd4a250000 - 0x00007ffd4a2b9000 	C:\WINDOWS\System32\shlwapi.dll
0x00007ffd47c60000 - 0x00007ffd47c8f000 	C:\WINDOWS\SYSTEM32\profapi.dll
0x00007ffcf8b10000 - 0x00007ffcf8be7000 	C:\Program Files\Java\jdk-21\bin\jsvml.dll
0x00007ffd31e30000 - 0x00007ffd31e40000 	C:\Program Files\Java\jdk-21\bin\net.dll
0x00007ffd40530000 - 0x00007ffd4064e000 	C:\WINDOWS\SYSTEM32\WINHTTP.dll
0x00007ffd47080000 - 0x00007ffd470ea000 	C:\WINDOWS\system32\mswsock.dll
0x00007ffd1e1d0000 - 0x00007ffd1e1e6000 	C:\Program Files\Java\jdk-21\bin\nio.dll
0x00007ffd27ce0000 - 0x00007ffd27cf8000 	C:\Program Files\Java\jdk-21\bin\zip.dll
0x00007ffd2dea0000 - 0x00007ffd2deb0000 	C:\Program Files\Java\jdk-21\bin\verify.dll
0x00007ffd1fbf0000 - 0x00007ffd1fbf9000 	C:\Program Files\Java\jdk-21\bin\extnet.dll
0x00007ffd1f270000 - 0x00007ffd1f27e000 	C:\Program Files\Java\jdk-21\bin\sunmscapi.dll
0x00007ffd47d50000 - 0x00007ffd47ec7000 	C:\WINDOWS\System32\CRYPT32.dll
0x00007ffd47530000 - 0x00007ffd47560000 	C:\WINDOWS\SYSTEM32\ncrypt.dll
0x00007ffd474e0000 - 0x00007ffd4751f000 	C:\WINDOWS\SYSTEM32\NTASN1.dll
0x00007ffd36680000 - 0x00007ffd36688000 	C:\WINDOWS\system32\wshunix.dll
0x00007ffd47320000 - 0x00007ffd4733c000 	C:\WINDOWS\SYSTEM32\CRYPTSP.dll
0x00007ffd46a70000 - 0x00007ffd46aaa000 	C:\WINDOWS\system32\rsaenh.dll
0x00007ffd47120000 - 0x00007ffd4714b000 	C:\WINDOWS\SYSTEM32\USERENV.dll
0x00007ffd47c30000 - 0x00007ffd47c56000 	C:\WINDOWS\SYSTEM32\bcrypt.dll
0x00007ffd47340000 - 0x00007ffd4734c000 	C:\WINDOWS\SYSTEM32\CRYPTBASE.dll
0x00007ffd46550000 - 0x00007ffd46583000 	C:\WINDOWS\SYSTEM32\IPHLPAPI.DLL
0x00007ffd49f00000 - 0x00007ffd49f0a000 	C:\WINDOWS\System32\NSI.dll

dbghelp: loaded successfully - version: 4.0.5 - missing functions: none
symbol engine: initialized successfully - sym options: 0x614 - pdb path: .;C:\Program Files\Java\jdk-21\bin;C:\WINDOWS\SYSTEM32;C:\WINDOWS\WinSxS\amd64_microsoft.windows.common-controls_6595b64144ccf1df_6.0.26100.3912_none_3e07963ce335137e;C:\Program Files\Java\jdk-21\bin\server

VM Arguments:
jvm_args: -Djava.awt.headless=true -Djava.library.path=C:\Program Files\Java\jdk-21\bin;C:\WINDOWS\Sun\Java\bin;C:\WINDOWS\system32;C:\WINDOWS;c:\\Users\\30280\\.trae-cn\\sdks\\workspaces\\d1d2e236\\versions\\node\\current;c:\\Users\\30280\\.trae-cn\\sdks\\versions\\node\\current;c:\Users\30280\.trae-cn\sdks\workspaces\d1d2e236\versions\node\current;c:\Users\30280\.trae-cn\sdks\versions\node\current;C:\Program Files\Common Files\Oracle\Java\javapath;C:\Program Files (x86)\Common Files\Oracle\Java\javapath;C:\Program Files\Microsoft\jdk-17.0.8.7-hotspot\bin;C:\Windows\system32;C:\Windows;C:\Windows\System32\Wbem;C:\Windows\System32\WindowsPowerShell\v1.0\;C:\Windows\System32\OpenSSH\;C:\Program Files (x86)\NVIDIA Corporation\PhysX\Common;C:\Program Files\dotnet\;D:\MySQL\MySQL Server 8.0\bin;C:\Program Files\Git\cmd;C:\Program Files (x86)\Microsoft SQL Server\100\Tools\Binn\;C:\Program Files\Microsoft SQL Server\100\Tools\Binn\;C:\Program Files\Microsoft SQL Server\100\DTS\Binn\;C:\Program Files (x86)\Microsoft SQL Server\100\Tools\Binn\VSShell\Common7\IDE\;C:\Program Files (x86)\Microsoft Visual Studio 9.0\Common7\IDE\PrivateAssemblies\;C:\Program Files (x86)\Microsoft SQL Server\100\DTS\Binn\;C:\Program Files\Bandizip\;D:\Downloads\Redis-x64-3.0.504;C:\Program Files\Java\jdk-21\bin;C:\Program Files\JetBrains\IntelliJ IDEA 2019.3.1\apache-tomcat-9.0.104\bin;E:\;C:\Program Files\JetBrains\IntelliJ IDEA 2025.1.1.1\bin;E:\program file\MATLAB\R2016a\runtime\win64;E:\program file\MATLAB\R2016a\bin;E:\program file\MATLAB\R2016a\polyspace\bin;C:\WINDOWS\system32;C:\WINDOWS;C:\WINDOWS\System32\Wbem;C:\WINDOWS\System32\WindowsPowerShell\v1.0\;C:\WINDOWS\System32\OpenSSH\;C:\Program Files\NVIDIA Corporation\NVIDIA App\NvDLISR;E:\Download\mingw-w64-gcc-13.4-stable-r42\bin;e:\Enterprise Architect\Trae CN\bin;E:\MySQL\MySQL Shell 8.0\bin\;C:\Users\30280\AppData\Local\Programs\Python\Python313\Scripts\;C:\Users\30280\AppData\Local\Programs\Python\Python313\;C:\Users\30280\AppData\Local\Programs\Python\Launcher\;C-Dorg.gradle.internal.worker.tmpdir=C:\Users\30280\AndroidStudioProjects\Android_2\app\build\tmp\testReleaseUnitTest\work --add-opens=java.base/java.io=ALL-UNNAMED -Xmx512m -Dfile.encoding=UTF-8 -Duser.country=CN -Duser.language=zh -Duser.variant -ea 
java_command: worker.org.gradle.process.internal.worker.GradleWorkerMain 'Gradle Test Executor 4'
java_class_path (initial): C:\\Users\\30280\\.gradle\\caches\\8.13\\workerMain\\gradle-worker.jar;C:\\Users\\30280\\AndroidStudioProjects\\Android_2\\app\\build\\intermediates\\javac\\releaseUnitTest\\compileReleaseUnitTestJavaWithJavac\\classes;C:\\Users\\30280\\AndroidStudioProjects\\Android_2\\app\\build\\intermediates\\runtime_app_classes_jar\\release\\bundleReleaseClassesToRuntimeJar\\classes.jar;C:\\Users\\30280\\.gradle\\caches\\modules-2\\files-2.1\\junit\\junit\\4.13.2\\8ac9e16d933b6fb43bc7f576336b8f4d7eb5ba12\\junit-4.13.2.jar;C:\\Users\\30280\\.gradle\\caches\\8.13\\transforms\\6dce6822a87adfdd8f0f1f9f3e803d71\\transformed\\material-1.10.0-runtime.jar;C:\\Users\\30280\\.gradle\\caches\\8.13\\transforms\\7edbdc7fd61bc0affb9d28dae2d41a54\\transformed\\constraintlayout-2.1.4-runtime.jar;C:\\Users\\30280\\.gradle\\caches\\8.13\\transforms\\da64562bbf6e9145c6fb40453dfb7861\\transformed\\appcompat-resources-1.6.1-runtime.jar;C:\\Users\\30280\\.gradle\\caches\\8.13\\transforms\\1f15eebcd721a06e908eb91feb2d054b\\transformed\\appcompat-1.6.1-runtime.jar;C:\\Users\\30280\\.gradle\\caches\\8.13\\transforms\\f0d7a17414ccc0da259b0c16f4fe2e4a\\transformed\\viewpager2-1.0.0-runtime.jar;C:\\Users\\30280\\.gradle\\caches\\8.13\\transforms\\75c394af22862343985ceb0b525c2f63\\transformed\\fragment-1.3.6-runtime.jar;C:\\Users\\30280\\.gradle\\caches\\8.13\\transforms\\369eda11d9e944d17d8a91660a255c96\\transformed\\activity-1.8.0-runtime.jar;C:\\Users\\30280\\.gradle\\caches\\modules-2\\files-2.1\\org.hamcrest\\hamcrest-core\\1.3\\42a25dc3219429f0e5d060061f71acb49bf010a0\\hamcrest-core-1.3.jar;C:\\Users\\30280\\.gradle\\caches\\8.13\\transforms\\fbc2b3056c7047f39241c6011e01b761\\transformed\\emoji2-views-helper-1.2.0-runtime.jar;C:\\Users\\30280\\.gradle\\caches\\8.13\\transforms\\f3db8c8c0cfee3ae1a7e996eb11cd0f1\\transformed\\emoji2-1.2.0-runtime.jar;C:\\Users\\30280\\.gradle\\caches\\8.13\\transforms\\182915960f7df5465329dd1e6bb5ef9d\\transformed\\drawerlayout-1.1.1-runtime.jar;C:\\Users\\30280\\.gradle\\caches\\8.13\\transforms\\b35592b3fc8d11f4a9c434a0f9b40f17\\transformed\\coordinatorlayout-1.1.0-runtime.jar;C:\\Users\\30280\\.gradle\\caches\\8.13\\transforms\\4da27327e6377cf50c7024195fedf38f\\transformed\\dynamicanimation-1.0.0-runtime.jar;C:\\Users\\30280\\.gradle\\caches\\8.13\\transforms\\3ff05d9f2a5b47339c6f8f79a2f58fd0\\transformed\\transition-1.2.0-runtime.jar;C:\\Users\\30280\\.gradle\\caches\\8.13\\transforms\\b2fbeea7431fb52260772c3d88480cee\\transformed\\vectordrawable-animated-1.1.0-runtime.jar;C:\\Users\\30280\\.gradle\\caches\\8.13\\transforms\\28e5829ec58e65548899448bf50f40b6\\transformed\\vectordrawable-1.1.0-runtime.jar;C:\\Users\\30280\\.gradle\\caches\\8.13\\transforms\\eec151d69658d5f5391e4bdfc6fbcb20\\transformed\\legacy-support-core-utils-1.0.0-runtime.jar;C:\\Users\\30280\\.gradle\\caches\\8.13\\transforms\\d78b518ff68281fa849b766109ff2f86\\transformed\\loader-1.0.0-runtime.jar;C:\\Users\\30280\\.gradle\\caches\\8.13\\transforms\\e59bbfec996fc32a77975280c9f613c9\\transformed\\savedstate-1.2.1-runtime.jar;C:\\Users\\30280\\.gradle\\caches\\8.13\\transforms\\add0b978b01029b5e2b9dd6316c3d060\\transformed\\lifecycle-livedata-2.6.1-runtime.jar;C:\\Users\\30280\\.gradle\\caches\\modules-2\\files-2.1\\androidx.lifecycle\\lifecycle-common\\2.6.1\\10f354fdb64868baecd67128560c5a0d6312c495\\lifecycle-common-2.6.1.jar;C:\\Users\\30280\\.gradle\\caches\\8.13\\transforms\\b40f309dd65a701b355904ce00fef6a9\\transformed\\lifecycle-process-2.6.1-runtime.jar;C:\\Users\\30280\\.gradle\\caches\\8.13\\transforms\\8a433b974a9a7600ced208d911334657\\transformed\\lifecycle-livedata-core-2.6.1-runtime.jar;C:\\Users\\30280\\.gradle\\caches\\8.13\\transforms\\a8f934d07a44d2d8a0b7753f3cbee22b\\transformed\\lifecycle-viewmodel-2.6.1-runtime.jar;C:\\Users\\30280\\.gradle\\caches\\8.13\\transforms\\5edb5b8ceb24c3c38134de82082db301\\transformed\\lifecycle-runtime-2.6.1-runtime.jar;C:\\Users\\30280\\.gradle\\caches\\8.13\\transforms\\d193e27d982f5c0a83083fc3354b73ee\\transformed\\lifecycle-viewmodel-savedstate-2.6.1-runtime.jar;C:\\Users\\30280\\.gradle\\caches\\8.13\\transforms\\5408a3a66ef8c3e22ccf09f38a217b12\\transformed\\core-ktx-1.9.0-runtime.jar;C:\\Users\\30280\\.gradle\\caches\\8.13\\transforms\\eaf16939b7aa76b253dd389d5f697717\\transformed\\viewpager-1.0.0-runtime.jar;C:\\Users\\30280\\.gradle\\caches\\8.13\\transforms\\938701647dfbf4b3813fa7006ede714b\\transformed\\recyclerview-1.1.0-runtime.jar;C:\\Users\\30280\\.gradle\\caches\\8.13\\transforms\\2d0c9875399b7ccfdb1b00a32c29b2c5\\transformed\\customview-1.1.0-runtime.jar;C:\\Users\\30280\\.gradle\\caches\\8.13\\transforms\\f1bd4c0f133ac07b6a25439c8af41409\\transformed\\core-1.9.0-runtime.jar;C:\\Users\\30280\\.gradle\\caches\\8.13\\transforms\\4a66a991abf30acc44dcf1051d99d2c7\\transformed\\cursoradapter-1.0.0-runtime.jar;C:\\Users\\30280\\.gradle\\caches\\modules-2\\files-2.1\\androidx.resourceinspection\\resourceinspection-annotation\\1.0.1\\8c21f8ff5d96d5d52c948707f7e4d6ca6773feef\\resourceinspection-annotation-1.0.1.jar;C:\\Users\\30280\\.gradle\\caches\\8.13\\transforms\\d474e29378dd11c4a22bbeded0e2fa2d\\transformed\\cardview-1.0.0-runtime.jar;C:\\Users\\30280\\.gradle\\caches\\8.13\\transforms\\d93d2ca50b7ea251323e250234607346\\transformed\\profileinstaller-1.3.0-runtime.jar;C:\\Users\\30280\\.gradle\\caches\\8.13\\transforms\\4555720e42ebc3609d822217a398ea91\\transformed\\startup-runtime-1.1.1-runtime.jar;C:\\Users\\30280\\.gradle\\caches\\8.13\\transforms\\f3eef4459bb4a6f69ca231c1fa75ca8c\\transformed\\tracing-1.0.0-runtime.jar;C:\\Users\\30280\\.gradle\\caches\\8.13\\transforms\\7823332c375812b8d9948fee61009223\\transformed\\versionedparcelable-1.1.1-runtime.jar;C:\\Users\\30280\\.gradle\\caches\\modules-2\\files-2.1\\androidx.collection\\collection\\1.1.0\\1f27220b47669781457de0d600849a5de0e89909\\collection-1.1.0.jar;C:\\Users\\30280\\.gradle\\caches\\8.13\\transforms\\b295a0fb3660ac9c247fb359adbabe2e\\transformed\\core-runtime-2.2.0-runtime.jar;C:\\Users\\30280\\.gradle\\caches\\modules-2\\files-2.1\\androidx.arch.core\\core-common\\2.2.0\\5e1b8b81dfd5f52c56a8d53b18ca759c19a301f3\\core-common-2.2.0.jar;C:\\Users\\30280\\.gradle\\caches\\modules-2\\files-2.1\\androidx.concurrent\\concurrent-futures\\1.1.0\\50b7fb98350d5f42a4e49704b03278542293ba48\\concurrent-futures-1.1.0.jar;C:\\Users\\30280\\.gradle\\caches\\8.13\\transforms\\fa13705c3e6b07c3e368f4ff486fba76\\transformed\\interpolator-1.0.0-runtime.jar;C:\\Users\\30280\\.gradle\\caches\\8.13\\transforms\\7ae218bd1d7f285f04f6c11196b93a09\\transformed\\documentfile-1.0.0-runtime.jar;C:\\Users\\30280\\.gradle\\caches\\8.13\\transforms\\6a74e8da2ab93625072760ad39fd90c0\\transformed\\localbroadcastmanager-1.0.0-runtime.jar;C:\\Users\\30280\\.gradle\\caches\\8.13\\transforms\\eac182e61e5ebf98313a8c38da445c03\\transformed\\print-1.0.0-runtime.jar;C:\\Users\\30280\\.gradle\\caches\\modules-2\\files-2.1\\androidx.annotation\\annotation\\1.3.0\\21f49f5f9b85fc49de712539f79123119740595\\annotation-1.3.0.jar;C:\\Users\\30280\\.gradle\\caches\\8.13\\transforms\\232d044af45a7acfbb6789538f65822a\\transformed\\annotation-experimental-1.3.0-runtime.jar;C:\\Users\\30280\\.gradle\\caches\\modules-2\\files-2.1\\org.jetbrains.kotlinx\\kotlinx-coroutines-core-jvm\\1.6.4\\2c997cd1c0ef33f3e751d3831929aeff1390cb30\\kotlinx-coroutines-core-jvm-1.6.4.jar;C:\\Users\\30280\\.gradle\\caches\\modules-2\\files-2.1\\org.jetbrains.kotlinx\\kotlinx-coroutines-android\\1.6.4\\f955fc8b2ad196e2f4429598440e15f7492eeb2b\\kotlinx-coroutines-android-1.6.4.jar;C:\\Users\\30280\\.gradle\\caches\\modules-2\\files-2.1\\org.jetbrains.kotlin\\kotlin-stdlib-jdk8\\1.8.22\\b25c86d47d6b962b9cf0f8c3f320c8a10eea3dd1\\kotlin-stdlib-jdk8-1.8.22.jar;C:\\Users\\30280\\.gradle\\caches\\modules-2\\files-2.1\\org.jetbrains.kotlin\\kotlin-stdlib-jdk7\\1.8.22\\4dabb8248310d833bb6a8b516024a91fd3d275c\\kotlin-stdlib-jdk7-1.8.22.jar;C:\\Users\\30280\\.gradle\\caches\\modules-2\\files-2.1\\org.jetbrains.kotlin\\kotlin-stdlib\\1.8.22\\636bf8b320e7627482771bbac9ed7246773c02bd\\kotlin-stdlib-1.8.22.jar;C:\\Users\\30280\\.gradle\\caches\\modules-2\\files-2.1\\com.google.errorprone\\error_prone_annotations\\2.15.0\\38c8485a652f808c8c149150da4e5c2b0bd17f9a\\error_prone_annotations-2.15.0.jar;C:\\Users\\30280\\.gradle\\caches\\modules-2\\files-2.1\\androidx.constraintlayout\\constraintlayout-core\\1.0.4\\29cdbe03ded6b0980f63fa5da2579a430e911c40\\constraintlayout-core-1.0.4.jar;C:\\Users\\30280\\.gradle\\caches\\modules-2\\files-2.1\\org.jetbrains.kotlin\\kotlin-stdlib-common\\1.8.22\\1a8e3601703ae14bb58757ea6b2d8e8e5935a586\\kotlin-stdlib-common-1.8.22.jar;C:\\Users\\30280\\.gradle\\caches\\modules-2\\files-2.1\\org.jetbrains\\annotations\\13.0\\919f0dfe192fb4e063e7dacadee7f8bb9a2672a9\\annotations-13.0.jar;C:\\Users\\30280\\.gradle\\caches\\modules-2\\files-2.1\\com.google.guava\\listenablefuture\\1.0\\c949a840a6acbc5268d088e47b04177bf90b3cad\\listenablefuture-1.0.jar;C:\\Users\\30280\\.gradle\\caches\\8.13\\transforms\\ed657c2504032b7a94cb05d64bda34d5\\transformed\\material-1.10.0\\jars\\classes.jar;C:\\Users\\30280\\.gradle\\caches\\8.13\\transforms\\870de2a67c9be5b4f7ba5f2fd672777d\\transformed\\constraintlayout-2.1.4\\jars\\classes.jar;C:\\Users\\30280\\.gradle\\caches\\8.13\\transforms\\253ea21f9554755940a8db3922afaeff\\transformed\\appcompat-resources-1.6.1\\jars\\classes.jar;C:\\Users\\30280\\.gradle\\caches\\8.13\\transforms\\9193172717a5ca3eb1d6453fe3e6bfa7\\transformed\\appcompat-1.6.1\\jars\\classes.jar;C:\\Users\\30280\\.gradle\\caches\\8.13\\transforms\\d5e3c0fc96934450134f763386936834\\transformed\\viewpager2-1.0.0\\jars\\classes.jar;C:\\Users\\30280\\.gradle\\caches\\8.13\\transforms\\d7e369ba3abc83dc6eb17d2b9ff2b16e\\transformed\\fragment-1.3.6\\jars\\classes.jar;C:\\Users\\30280\\.gradle\\caches\\8.13\\transforms\\4d6dea971ad80dc04c21708a717167ea\\transformed\\activity-1.8.0\\jars\\classes.jar;C:\\Users\\30280\\.gradle\\caches\\8.13\\transforms\\48c4c6d14791ee6cec92f7438b041848\\transformed\\emoji2-views-helper-1.2.0\\jars\\classes.jar;C:\\Users\\30280\\.gradle\\caches\\8.13\\transforms\\bfa9cd8b68d1ff1df5e7bfe6b1b175b5\\transformed\\emoji2-1.2.0\\jars\\classes.jar;C:\\Users\\30280\\.gradle\\caches\\8.13\\transforms\\bfa9cd8b68d1ff1df5e7bfe6b1b175b5\\transformed\\emoji2-1.2.0\\jars\\libs\\repackaged.jar;C:\\Users\\30280\\.gradle\\caches\\8.13\\transforms\\8aefd914ef407cb79d151c2844281eb1\\transformed\\drawerlayout-1.1.1\\jars\\classes.jar;C:\\Users\\30280\\.gradle\\caches\\8.13\\transforms\\2f69197fad576b29d6a5e0f895e3aeb9\\transformed\\coordinatorlayout-1.1.0\\jars\\classes.jar;C:\\Users\\30280\\.gradle\\caches\\8.13\\transforms\\15c4f2ae4253de18a0c7852b333c0870\\transformed\\dynamicanimation-1.0.0\\jars\\classes.jar;C:\\Users\\30280\\.gradle\\caches\\8.13\\transforms\\f090351ecbad81af69788a152edefd31\\transformed\\transition-1.2.0\\jars\\classes.jar;C:\\Users\\30280\\.gradle\\caches\\8.13\\transforms\\3fd560b09a657265f043b6181d3cad63\\transformed\\vectordrawable-animated-1.1.0\\jars\\classes.jar;C:\\Users\\30280\\.gradle\\caches\\8.13\\transforms\\25cc9b6c6f46a5024d85c2da5b360d5f\\transformed\\vectordrawable-1.1.0\\jars\\classes.jar;C:\\Users\\30280\\.gradle\\caches\\8.13\\transforms\\dc979c0b8b75e85bf4f176a761287089\\transformed\\legacy-support-core-utils-1.0.0\\jars\\classes.jar;C:\\Users\\30280\\.gradle\\caches\\8.13\\transforms\\e83b86d57eb58c7c76ab2665efee131c\\transformed\\loader-1.0.0\\jars\\classes.jar;C:\\Users\\30280\\.gradle\\caches\\8.13\\transforms\\3cd917734a573e15a1ed51b3d437c18f\\transformed\\savedstate-1.2.1\\jars\\classes.jar;C:\\Users\\30280\\.gradle\\caches\\8.13\\transforms\\8fdc621be8d3dd6a3c8f1f413cf45d5f\\transformed\\lifecycle-livedata-2.6.1\\jars\\classes.jar;C:\\Users\\30280\\.gradle\\caches\\8.13\\transforms\\393ab09f0ce39ac79f37ed07c72b8b1d\\transformed\\lifecycle-process-2.6.1\\jars\\classes.jar;C:\\Users\\30280\\.gradle\\caches\\8.13\\transforms\\0316481e296926d0b7aaa92fc9d0879d\\transformed\\lifecycle-livedata-core-2.6.1\\jars\\classes.jar;C:\\Users\\30280\\.gradle\\caches\\8.13\\transforms\\aa81dc7b2bc51662cef11e0791bbccc9\\transformed\\lifecycle-viewmodel-2.6.1\\jars\\classes.jar;C:\\Users\\30280\\.gradle\\caches\\8.13\\transforms\\bf4089128f1f860ab38b60b53569d520\\transformed\\lifecycle-runtime-2.6.1\\jars\\classes.jar;C:\\Users\\30280\\.gradle\\caches\\8.13\\transforms\\85be53262d2521c6dcf63c409a54c35e\\transformed\\lifecycle-viewmodel-savedstate-2.6.1\\jars\\classes.jar;C:\\Users\\30280\\.gradle\\caches\\8.13\\transforms\\03335d5232404a4d38ccc4e74bc998ab\\transformed\\core-ktx-1.9.0\\jars\\classes.jar;C:\\Users\\30280\\.gradle\\caches\\8.13\\transforms\\de3f4c52d4b0fdcc70f69eab382f3d12\\transformed\\viewpager-1.0.0\\jars\\classes.jar;C:\\Users\\30280\\.gradle\\caches\\8.13\\transforms\\71f6c76cdbc8be36c07e3dc59644ba39\\transformed\\recyclerview-1.1.0\\jars\\classes.jar;C:\\Users\\30280\\.gradle\\caches\\8.13\\transforms\\46a1220a5d503e2a05755c314bee8b16\\transformed\\customview-1.1.0\\jars\\classes.jar;C:\\Users\\30280\\.gradle\\caches\\8.13\\transforms\\7699c2b1350bc9ca59e9ccf72b7bc4e9\\transformed\\core-1.9.0\\jars\\classes.jar;C:\\Users\\30280\\.gradle\\caches\\8.13\\transforms\\7e23495443aa5b2a0afac798e6faa601\\transformed\\cursoradapter-1.0.0\\jars\\classes.jar;C:\\Users\\30280\\.gradle\\caches\\8.13\\transforms\\a0953f93c0e20abd38f655613f7b3a90\\transformed\\cardview-1.0.0\\jars\\classes.jar;C:\\Users\\30280\\.gradle\\caches\\8.13\\transforms\\e59e35a0826f049bad7349147760bd58\\transformed\\profileinstaller-1.3.0\\jars\\classes.jar;C:\\Users\\30280\\.gradle\\caches\\8.13\\transforms\\5b2084b85d0b8f58b7a5c610eddf4201\\transformed\\startup-runtime-1.1.1\\jars\\classes.jar;C:\\Users\\30280\\.gradle\\caches\\8.13\\transforms\\9c51bb1fa58bd8be09c4e0e0ecfd97c7\\transformed\\tracing-1.0.0\\jars\\classes.jar;C:\\Users\\30280\\.gradle\\caches\\8.13\\transforms\\f82167c09e6ae91837d5b49ea1000efe\\transformed\\versionedparcelable-1.1.1\\jars\\classes.jar;C:\\Users\\30280\\.gradle\\caches\\8.13\\transforms\\f834c8cdbec868b61611d31b352d57e2\\transformed\\core-runtime-2.2.0\\jars\\classes.jar;C:\\Users\\30280\\.gradle\\caches\\8.13\\transforms\\0d41002bdfd7c1dabad725943b1ed8e9\\transformed\\interpolator-1.0.0\\jars\\classes.jar;C:\\Users\\30280\\.gradle\\caches\\8.13\\transforms\\53b765b4f3e71482b1bc2f1c233d0225\\transformed\\documentfile-1.0.0\\jars\\classes.jar;C:\\Users\\30280\\.gradle\\caches\\8.13\\transforms\\6df0be6c3fac32bc396c1462157bc500\\transformed\\localbroadcastmanager-1.0.0\\jars\\classes.jar;C:\\Users\\30280\\.gradle\\caches\\8.13\\transforms\\8a8e23bd4d6d86f3c9260a14e3fb93d7\\transformed\\print-1.0.0\\jars\\classes.jar;C:\\Users\\30280\\.gradle\\caches\\8.13\\transforms\\85ce0127863c5903b3a85662f2e1090e\\transformed\\annotation-experimental-1.3.0\\jars\\classes.jar;C:\\Users\\30280\\AndroidStudioProjects\\Android_2\\app\\build\\intermediates\\compile_and_runtime_not_namespaced_r_class_jar\\release\\processReleaseResources\\R.jar;C:\\Users\\30280\\.gradle\\caches\\8.13\\transforms\\1a5a41cf7fde197c132d8358dc30678c\\transformed\\android.jar
Launcher Type: SUN_STANDARD

[Global flags]
     intx CICompilerCount                          = 12                                        {product} {ergonomic}
     uint ConcGCThreads                            = 3                                         {product} {ergonomic}
     uint G1ConcRefinementThreads                  = 13                                        {product} {ergonomic}
   size_t G1HeapRegionSize                         = 1048576                                   {product} {ergonomic}
    uintx GCDrainStackTargetSize                   = 64                                        {product} {ergonomic}
   size_t InitialHeapSize                          = 255852544                                 {product} {ergonomic}
   size_t MarkStackSize                            = 4194304                                   {product} {ergonomic}
   size_t MaxHeapSize                              = 536870912                                 {product} {command line}
   size_t MaxNewSize                               = 321912832                                 {product} {ergonomic}
   size_t MinHeapDeltaBytes                        = 1048576                                   {product} {ergonomic}
   size_t MinHeapSize                              = 8388608                                   {product} {ergonomic}
    uintx NonNMethodCodeHeapSize                   = 7602480                                {pd product} {ergonomic}
    uintx NonProfiledCodeHeapSize                  = 122027880                              {pd product} {ergonomic}
    uintx ProfiledCodeHeapSize                     = 122027880                              {pd product} {ergonomic}
    uintx ReservedCodeCacheSize                    = 251658240                              {pd product} {ergonomic}
     bool SegmentedCodeCache                       = true                                      {product} {ergonomic}
   size_t SoftMaxHeapSize                          = 536870912                              {manageable} {ergonomic}
     bool UseCompressedOops                        = true                           {product lp64_product} {ergonomic}
     bool UseG1GC                                  = true                                      {product} {ergonomic}
     bool UseLargePagesIndividualAllocation        = false                                  {pd product} {ergonomic}

Logging:
Log output configuration:
 #0: stdout all=warning uptime,level,tags foldmultilines=false
 #1: stderr all=off uptime,level,tags foldmultilines=false

Environment Variables:
JAVA_HOME=C:\Program Files\Java\jdk-21
CLASSPATH=C:\Users\30280\AndroidStudioProjects\Android_2\\gradle\wrapper\gradle-wrapper.jar
PATH=c:\\Users\\30280\\.trae-cn\\sdks\\workspaces\\d1d2e236\\versions\\node\\current;c:\\Users\\30280\\.trae-cn\\sdks\\versions\\node\\current;c:\Users\30280\.trae-cn\sdks\workspaces\d1d2e236\versions\node\current;c:\Users\30280\.trae-cn\sdks\versions\node\current;C:\Program Files\Common Files\Oracle\Java\javapath;C:\Program Files (x86)\Common Files\Oracle\Java\javapath;C:\Program Files\Microsoft\jdk-17.0.8.7-hotspot\bin;C:\Windows\system32;C:\Windows;C:\Windows\System32\Wbem;C:\Windows\System32\WindowsPowerShell\v1.0\;C:\Windows\System32\OpenSSH\;C:\Program Files (x86)\NVIDIA Corporation\PhysX\Common;C:\Program Files\dotnet\;D:\MySQL\MySQL Server 8.0\bin;C:\Program Files\Git\cmd;C:\Program Files (x86)\Microsoft SQL Server\100\Tools\Binn\;C:\Program Files\Microsoft SQL Server\100\Tools\Binn\;C:\Program Files\Microsoft SQL Server\100\DTS\Binn\;C:\Program Files (x86)\Microsoft SQL Server\100\Tools\Binn\VSShell\Common7\IDE\;C:\Program Files (x86)\Microsoft Visual Studio 9.0\Common7\IDE\PrivateAssemblies\;C:\Program Files (x86)\Microsoft SQL Server\100\DTS\Binn\;C:\Program Files\Bandizip\;D:\Downloads\Redis-x64-3.0.504;C:\Program Files\Java\jdk-21\bin;C:\Program Files\JetBrains\IntelliJ IDEA 2019.3.1\apache-tomcat-9.0.104\bin;E:\;C:\Program Files\JetBrains\IntelliJ IDEA 2025.1.1.1\bin;E:\program file\MATLAB\R2016a\runtime\win64;E:\program file\MATLAB\R2016a\bin;E:\program file\MATLAB\R2016a\polyspace\bin;C:\WINDOWS\system32;C:\WINDOWS;C:\WINDOWS\System32\Wbem;C:\WINDOWS\System32\WindowsPowerShell\v1.0\;C:\WINDOWS\System32\OpenSSH\;C:\Program Files\NVIDIA Corporation\NVIDIA App\NvDLISR;E:\Download\mingw-w64-gcc-13.4-stable-r42\bin;e:\Enterprise Architect\Trae CN\bin;E:\MySQL\MySQL Shell 8.0\bin\;C:\Users\30280\AppData\Local\Programs\Python\Python313\Scripts\;C:\Users\30280\AppData\Local\Programs\Python\Python313\;C:\Users\30280\AppData\Local\Programs\Python\Launcher\;C:\Users\30280\AppData\Local\Microsoft\WindowsApps;C:\Users\30280\.dotnet\tools;C:\Program Files\JetBrains\PyCharm Community Edition 2024.2.4\bin;;C:\Users\30280\AppData\Roaming\npm;E:\Program\Microsoft VS Code\bin;C:\Program Files\JetBrains\IntelliJ IDEA 2024.3.5\bin;C:\Users\30280\AppData\Local\Microsoft\WindowsApps;c:\Users\30280\.trae-cn\extensions\vscjava.vscode-java-debug-0.58.4-universal\bundled\scripts\noConfigScripts
USERNAME=30280
LANG=zh_CN.UTF-8
OS=Windows_NT
PROCESSOR_IDENTIFIER=AMD64 Family 25 Model 68 Stepping 1, AuthenticAMD
TMP=C:\Users\30280\AppData\Local\Temp
TEMP=C:\Users\30280\AppData\Local\Temp




Periodic native trim disabled

---------------  S Y S T E M  ---------------

OS:
 Windows 11 , 64 bit Build 26100 (10.0.26100.3912)
OS uptime: 0 days 2:53 hours

CPU: total 16 (initial active 16) (16 cores per cpu, 2 threads per core) family 25 model 68 stepping 1 microcode 0xa404101, cx8, cmov, fxsr, ht, mmx, 3dnowpref, sse, sse2, sse3, ssse3, sse4a, sse4.1, sse4.2, popcnt, lzcnt, tsc, tscinvbit, avx, avx2, aes, clmul, bmi1, bmi2, adx, sha, fma, vzeroupper, clflush, clflushopt, rdtscp, rdpid, f16c, pku, cet_ss
Processor Information for all 16 processors :
  Max Mhz: 3201, Current Mhz: 3201, Mhz Limit: 3201

Memory: 4k page, system-wide physical 15613M (1336M free)
TotalPageFile size 36838M (AvailPageFile size 6M)
current process WorkingSet (physical memory assigned to process): 79M, peak: 79M
current process commit charge ("private bytes"): 356M, peak: 357M

vm_info: Java HotSpot(TM) 64-Bit Server VM (21.0.7+8-LTS-245) for windows-amd64 JRE (21.0.7+8-LTS-245), built on 2025-02-21T05:11:27Z by "mach5one" with MS VC++ 17.6 (VS2022)

END.
